2024-08-24T08:06:15.683Z|0x2dc0|Using pre-set license
2024-08-24T08:06:15.683Z|0x2dc0|Built from '2022.3/staging' branch; Version is '2022.3.42f1 (2dcb6a0abc42) revision 3001194'; Using compiler version '192829333'; Build Type 'Release'
2024-08-24T08:06:15.683Z|0x2dc0|OS: 'Windows 11  (10.0.22631) 64bit CoreSingleLanguage' Language: 'en' Physical Memory: 16068 MB
2024-08-24T08:06:15.683Z|0x2dc0|BatchMode: 1, IsHumanControllingUs: 0, StartBugReporterOnCrash: 0, Is64bit: 1, IsPro: 1
2024-08-24T08:06:15.686Z|0x2dc0|
COMMAND LINE ARGUMENTS:
2024-08-24T08:06:15.686Z|0x2dc0|C:\Program Files\Unity\Hub\Editor\2022.3.42f1\Editor\Unity.exe
2024-08-24T08:06:15.687Z|0x2dc0|-adb2
2024-08-24T08:06:15.687Z|0x2dc0|-batchMode
2024-08-24T08:06:15.687Z|0x2dc0|-noUpm
2024-08-24T08:06:15.687Z|0x2dc0|-name
2024-08-24T08:06:15.687Z|0x2dc0|AssetImportWorker4
2024-08-24T08:06:15.687Z|0x2dc0|-projectPath
2024-08-24T08:06:15.687Z|0x2dc0|C:/Users/abc4d/Documents/MyDreamgame/Unity Projets/Chess2D
2024-08-24T08:06:15.687Z|0x2dc0|-logFile
2024-08-24T08:06:15.687Z|0x2dc0|Logs/AssetImportWorker4.log
2024-08-24T08:06:15.687Z|0x2dc0|-srvPort
2024-08-24T08:06:15.687Z|0x2dc0|52409
2024-08-24T08:06:15.687Z|0x2dc0|Successfully changed project path to: C:/Users/abc4d/Documents/MyDreamgame/Unity Projets/Chess2D
2024-08-24T08:06:15.695Z|0x2dc0|C:/Users/abc4d/Documents/MyDreamgame/Unity Projets/Chess2D
2024-08-24T08:06:15.696Z|0x2dc0|[UnityMemory] Configuration Parameters - Can be set up in boot.config
2024-08-24T08:06:15.696Z|0x2dc0|    "memorysetup-bucket-allocator-granularity=16"
2024-08-24T08:06:15.696Z|0x2dc0|    "memorysetup-bucket-allocator-bucket-count=8"
2024-08-24T08:06:15.696Z|0x2dc0|    "memorysetup-bucket-allocator-block-size=33554432"
2024-08-24T08:06:15.696Z|0x2dc0|    "memorysetup-bucket-allocator-block-count=8"
2024-08-24T08:06:15.696Z|0x2dc0|    "memorysetup-main-allocator-block-size=16777216"
2024-08-24T08:06:15.696Z|0x2dc0|    "memorysetup-thread-allocator-block-size=16777216"
2024-08-24T08:06:15.696Z|0x2dc0|    "memorysetup-gfx-main-allocator-block-size=16777216"
2024-08-24T08:06:15.696Z|0x2dc0|    "memorysetup-gfx-thread-allocator-block-size=16777216"
2024-08-24T08:06:15.696Z|0x2dc0|    "memorysetup-cache-allocator-block-size=4194304"
2024-08-24T08:06:15.696Z|0x2dc0|    "memorysetup-typetree-allocator-block-size=2097152"
2024-08-24T08:06:15.696Z|0x2dc0|    "memorysetup-profiler-bucket-allocator-granularity=16"
2024-08-24T08:06:15.696Z|0x2dc0|    "memorysetup-profiler-bucket-allocator-bucket-count=8"
2024-08-24T08:06:15.696Z|0x2dc0|    "memorysetup-profiler-bucket-allocator-block-size=33554432"
2024-08-24T08:06:15.696Z|0x2dc0|    "memorysetup-profiler-bucket-allocator-block-count=8"
2024-08-24T08:06:15.696Z|0x2dc0|    "memorysetup-profiler-allocator-block-size=16777216"
2024-08-24T08:06:15.696Z|0x2dc0|    "memorysetup-profiler-editor-allocator-block-size=1048576"
2024-08-24T08:06:15.696Z|0x2dc0|    "memorysetup-temp-allocator-size-main=16777216"
2024-08-24T08:06:15.696Z|0x2dc0|    "memorysetup-job-temp-allocator-block-size=2097152"
2024-08-24T08:06:15.696Z|0x2dc0|    "memorysetup-job-temp-allocator-block-size-background=1048576"
2024-08-24T08:06:15.696Z|0x2dc0|    "memorysetup-job-temp-allocator-reduction-small-platforms=262144"
2024-08-24T08:06:15.696Z|0x2dc0|    "memorysetup-allocator-temp-initial-block-size-main=262144"
2024-08-24T08:06:15.696Z|0x2dc0|    "memorysetup-allocator-temp-initial-block-size-worker=262144"
2024-08-24T08:06:15.696Z|0x2dc0|    "memorysetup-temp-allocator-size-background-worker=32768"
2024-08-24T08:06:15.696Z|0x2dc0|    "memorysetup-temp-allocator-size-job-worker=262144"
2024-08-24T08:06:15.696Z|0x2dc0|    "memorysetup-temp-allocator-size-preload-manager=33554432"
2024-08-24T08:06:15.696Z|0x2dc0|    "memorysetup-temp-allocator-size-nav-mesh-worker=65536"
2024-08-24T08:06:15.696Z|0x2dc0|    "memorysetup-temp-allocator-size-audio-worker=65536"
2024-08-24T08:06:15.696Z|0x2dc0|    "memorysetup-temp-allocator-size-cloud-worker=32768"
2024-08-24T08:06:15.696Z|0x2dc0|    "memorysetup-temp-allocator-size-gi-baking-worker=262144"
2024-08-24T08:06:15.696Z|0x2dc0|    "memorysetup-temp-allocator-size-gfx=262144"
2024-08-24T08:06:15.702Z|0x2dc0|Player connection [11712]  Target information:

2024-08-24T08:06:15.702Z|0x2dc0|Player connection [11712]  * "[IP] 192.168.246.80 [Port] 0 [Flags] 2 [Guid] 766141644 [EditorId] 766141644 [Version] 1048832 [Id] WindowsEditor(7,Abhi) [Debug] 1 [PackageName] WindowsEditor [ProjectName] Editor" 

2024-08-24T08:06:15.703Z|0x2dc0|Player connection [11712] Host joined multi-casting on [225.0.0.222:54997]...
2024-08-24T08:06:15.704Z|0x2dc0|Player connection [11712] Host joined alternative multi-casting on [225.0.0.222:34997]...
2024-08-24T08:06:15.710Z|0x2dc0|[PhysX] Initialized MultithreadedTaskDispatcher with 20 workers.
2024-08-24T08:06:15.787Z|0x2dc0|Refreshing native plugins compatible for Editor in 11.28 ms, found 4 plugins.
2024-08-24T08:06:15.787Z|0x2dc0|Preloading 0 native plugins for Editor in 0.00 ms.
2024-08-24T08:06:15.787Z|0x2dc0|Initialize engine version: 2022.3.42f1 (2dcb6a0abc42)
2024-08-24T08:06:15.787Z|0x2dc0|[Subsystems] Discovering subsystems at path C:/Program Files/Unity/Hub/Editor/2022.3.42f1/Editor/Data/Resources/UnitySubsystems
2024-08-24T08:06:15.787Z|0x2dc0|[Subsystems] Discovering subsystems at path C:/Users/abc4d/Documents/MyDreamgame/Unity Projets/Chess2D/Assets
2024-08-24T08:06:15.788Z|0x2dc0|GfxDevice: creating device client; threaded=0; jobified=0
2024-08-24T08:06:15.941Z|0x2dc0|Direct3D:
2024-08-24T08:06:15.941Z|0x2dc0|    Version:  Direct3D 11.0 [level 11.1]
2024-08-24T08:06:15.941Z|0x2dc0|    Renderer: NVIDIA GeForce RTX 3060 Laptop GPU (ID=0x2560)
2024-08-24T08:06:15.942Z|0x2dc0|    Vendor:   NVIDIA
2024-08-24T08:06:15.942Z|0x2dc0|    VRAM:     5996 MB
2024-08-24T08:06:15.942Z|0x2dc0|    Driver:   32.0.15.6094
2024-08-24T08:06:16.031Z|0x2dc0|Initialize mono
2024-08-24T08:06:16.031Z|0x2dc0|Mono path[0] = 'C:/Program Files/Unity/Hub/Editor/2022.3.42f1/Editor/Data/Managed'
2024-08-24T08:06:16.031Z|0x2dc0|Mono path[1] = 'C:/Program Files/Unity/Hub/Editor/2022.3.42f1/Editor/Data/MonoBleedingEdge/lib/mono/unityjit-win32'
2024-08-24T08:06:16.031Z|0x2dc0|Mono config path = 'C:/Program Files/Unity/Hub/Editor/2022.3.42f1/Editor/Data/MonoBleedingEdge/etc'
2024-08-24T08:06:16.031Z|0x2dc0|Using monoOptions --debugger-agent=transport=dt_socket,embedding=1,server=y,suspend=n,address=127.0.0.1:56388
2024-08-24T08:06:16.073Z|0x2dc0|Begin MonoManager ReloadAssembly
2024-08-24T08:06:16.255Z|0x2dc0|Registering precompiled unity dll's ...
2024-08-24T08:06:16.257Z|0x2dc0|Register platform support module: C:/Program Files/Unity/Hub/Editor/2022.3.42f1/Editor/Data/PlaybackEngines/AndroidPlayer/UnityEditor.Android.Extensions.dll
2024-08-24T08:06:16.260Z|0x2dc0|Register platform support module: C:/Program Files/Unity/Hub/Editor/2022.3.42f1/Editor/Data/PlaybackEngines/iOSSupport/UnityEditor.iOS.Extensions.dll
2024-08-24T08:06:16.262Z|0x2dc0|Register platform support module: C:/Program Files/Unity/Hub/Editor/2022.3.42f1/Editor/Data/PlaybackEngines/WindowsStandaloneSupport/UnityEditor.WindowsStandalone.Extensions.dll
2024-08-24T08:06:16.264Z|0x2dc0|Registered in 0.008818 seconds.
2024-08-24T08:06:16.406Z|0x2dc0|- Loaded All Assemblies, in  0.334 seconds
2024-08-24T08:06:16.446Z|0x2dc0|Native extension for WindowsStandalone target not found
[usbmuxd] Start listen thread
[usbmuxd] Listen thread started
2024-08-24T08:06:16.449Z|0x2dc0|Native extension for iOS target not found
2024-08-24T08:06:16.458Z|0x2dc0|Native extension for Android target not found
2024-08-24T08:06:16.784Z|0x2dc0|Android Extension - Scanning For ADB Devices 286 ms2024-08-24T08:06:16.784Z|0x2dc0|
2024-08-24T08:06:16.935Z|0x2dc0|Mono: successfully reloaded assembly
2024-08-24T08:06:16.947Z|0x2dc0|- Finished resetting the current domain, in  0.539 seconds
2024-08-24T08:06:16.947Z|0x2dc0|Domain Reload Profiling: 871ms
	BeginReloadAssembly (131ms)
		ExecutionOrderSort (0ms)
		DisableScriptedObjects (0ms)
		BackupInstance (0ms)
		ReleaseScriptingObjects (0ms)
		CreateAndSetChildDomain (1ms)
	RebuildCommonClasses (27ms)
	RebuildNativeTypeToScriptingClass (8ms)
	initialDomainReloadingComplete (51ms)
	LoadAllAssembliesAndSetupDomain (115ms)
		LoadAssemblies (130ms)
		RebuildTransferFunctionScriptingTraits (0ms)
		AnalyzeDomain (112ms)
			TypeCache.Refresh (111ms)
				TypeCache.ScanAssembly (101ms)
			ScanForSourceGeneratedMonoScriptInfo (0ms)
			ResolveRequiredComponents (0ms)
	FinalizeReload (540ms)
		ReleaseScriptCaches (0ms)
		RebuildScriptCaches (0ms)
		SetupLoadedEditorAssemblies (503ms)
			LogAssemblyErrors (0ms)
			InitializePlatformSupportModulesInManaged (381ms)
			SetLoadedEditorAssemblies (3ms)
			RefreshPlugins (0ms)
			BeforeProcessingInitializeOnLoad (2ms)
			ProcessInitializeOnLoadAttributes (84ms)
			ProcessInitializeOnLoadMethodAttributes (34ms)
			AfterProcessingInitializeOnLoad (0ms)
			EditorAssembliesLoaded (0ms)
		ExecutionOrderSort2 (0ms)
		AwakeInstancesAfterBackupRestoration (0ms)
2024-08-24T08:06:17.101Z|0x2dc0|========================================================================
2024-08-24T08:06:17.101Z|0x2dc0|Worker process is ready to serve import requests
2024-08-24T08:06:17.911Z|0x2dc0|Caller must complete domain reload
2024-08-24T08:06:17.960Z|0x2dc0|Begin MonoManager ReloadAssembly
2024-08-24T08:06:18.615Z|0x2dc0|- Loaded All Assemblies, in  0.655 seconds
2024-08-24T08:06:18.734Z|0x2dc0|Native extension for WindowsStandalone target not found
2024-08-24T08:06:18.737Z|0x2dc0|Native extension for iOS target not found
2024-08-24T08:06:18.745Z|0x2dc0|Native extension for Android target not found
2024-08-24T08:06:19.074Z|0x2dc0|Package Manager log level set to [2]
2024-08-24T08:06:19.074Z|0x2dc0|[Package Manager] Server::EnsureServerProcessIsRunning -- launch failed, reason: Unity was launched with the -noUpm command-line argument
2024-08-24T08:06:19.074Z|0x2dc0|[Package Manager] UpmClient::Send -- Unable to send message (not connected to UPM process).
2024-08-24T08:06:19.074Z|0x2dc0|[Package Manager] Cannot connect to Unity Package Manager local server
2024-08-24T08:06:19.174Z|0x2dc0|Mono: successfully reloaded assembly
2024-08-24T08:06:19.194Z|0x2dc0|- Finished resetting the current domain, in  0.578 seconds
2024-08-24T08:06:19.194Z|0x2dc0|Domain Reload Profiling: 1228ms
	BeginReloadAssembly (129ms)
		ExecutionOrderSort (0ms)
		DisableScriptedObjects (4ms)
		BackupInstance (0ms)
		ReleaseScriptingObjects (0ms)
		CreateAndSetChildDomain (18ms)
	RebuildCommonClasses (26ms)
	RebuildNativeTypeToScriptingClass (8ms)
	initialDomainReloadingComplete (36ms)
	LoadAllAssembliesAndSetupDomain (452ms)
		LoadAssemblies (303ms)
		RebuildTransferFunctionScriptingTraits (0ms)
		AnalyzeDomain (228ms)
			TypeCache.Refresh (196ms)
				TypeCache.ScanAssembly (174ms)
			ScanForSourceGeneratedMonoScriptInfo (22ms)
			ResolveRequiredComponents (8ms)
	FinalizeReload (578ms)
		ReleaseScriptCaches (0ms)
		RebuildScriptCaches (0ms)
		SetupLoadedEditorAssemblies (446ms)
			LogAssemblyErrors (0ms)
			InitializePlatformSupportModulesInManaged (31ms)
			SetLoadedEditorAssemblies (4ms)
			RefreshPlugins (0ms)
			BeforeProcessingInitializeOnLoad (83ms)
			ProcessInitializeOnLoadAttributes (252ms)
			ProcessInitializeOnLoadMethodAttributes (68ms)
			AfterProcessingInitializeOnLoad (8ms)
			EditorAssembliesLoaded (0ms)
		ExecutionOrderSort2 (0ms)
		AwakeInstancesAfterBackupRestoration (5ms)
2024-08-24T08:06:19.471Z|0x2dc0|Launched and connected shader compiler UnityShaderCompiler.exe after 0.05 seconds
2024-08-24T08:06:19.591Z|0x2dc0|Refreshing native plugins compatible for Editor in 7.30 ms, found 4 plugins.
2024-08-24T08:06:19.591Z|0x2dc0|Preloading 0 native plugins for Editor in 0.00 ms.
2024-08-24T08:06:19.625Z|0x5afc|Unloading 5679 Unused Serialized files (Serialized files now loaded: 0)
2024-08-24T08:06:19.631Z|0x2dc0|Unloading 48 unused Assets / (0.9 MB). Loaded Objects now: 6136.
Memory consumption went from 221.4 MB to 220.5 MB.
2024-08-24T08:06:19.631Z|0x2dc0|Total: 5.439900 ms (FindLiveObjects: 0.522600 ms CreateObjectMapping: 0.329100 ms MarkObjects: 4.088000 ms  DeleteObjects: 0.498600 ms)

2024-08-24T08:06:19.634Z|0x2dc0|AssetImportParameters requested are different than current active one (requested -> active):
2024-08-24T08:06:19.634Z|0x2dc0|  custom:container-demuxer-ogg: 62fdf1f143b41e24485cea50d1cbac27 -> 
2024-08-24T08:06:19.634Z|0x2dc0|  custom:video-codec-MediaFoundation-h265: 746d11721c4dcdbdad8f713fa42b33f4 -> 
2024-08-24T08:06:19.634Z|0x2dc0|  custom:video-decoder-ogg-theora: a1e56fd34408186e4bbccfd4996cb3dc -> 
2024-08-24T08:06:19.634Z|0x2dc0|  custom:framework-win-MediaFoundation: 216162199b28c13a410421893ffa2e32 -> 
2024-08-24T08:06:19.634Z|0x2dc0|  custom:CustomObjectIndexerAttribute: 72b91833f83ae208fae7752999fa3104 -> 
2024-08-24T08:06:19.634Z|0x2dc0|  custom:container-demuxer-webm: 4f35f7cbe854078d1ac9338744f61a02 -> 
2024-08-24T08:06:19.634Z|0x2dc0|  custom:container-muxer-webm: aa71ff27fc2769a1b78a27578f13a17b -> 
2024-08-24T08:06:19.634Z|0x2dc0|  custom:video-decoder-webm-vp8: 9c59270c3fd7afecdb556c50c9e8de78 -> 
2024-08-24T08:06:19.634Z|0x2dc0|  custom:SearchIndexIgnoredProperties: e643bd26f0fe6173181afceb89e7c659 -> 
2024-08-24T08:06:19.634Z|0x2dc0|  custom:AudioImporter_EditorPlatform: d09bf68614088b80899f8185d706f6e7 -> 
2024-08-24T08:06:19.634Z|0x2dc0|  custom:video-encoder-webm-vp8: eb34c28f22e8b96e1ab97ce403110664 -> 
2024-08-24T08:06:19.634Z|0x2dc0|  custom:audio-decoder-ogg-vorbis: bf7c407c2cedff20999df2af8eb42d56 -> 
2024-08-24T08:06:19.634Z|0x2dc0|  custom:audio-encoder-webm-vorbis: bf7c407c2cedff20999df2af8eb42d56 -> 
2024-08-24T08:07:15.778Z|0x2dc0|========================================================================
2024-08-24T08:07:15.778Z|0x2dc0|Received Prepare
2024-08-24T08:07:16.008Z|0x2dc0|Caller must complete domain reload
2024-08-24T08:07:16.066Z|0x2dc0|Begin MonoManager ReloadAssembly
2024-08-24T08:07:17.167Z|0x2dc0|- Loaded All Assemblies, in  1.101 seconds
2024-08-24T08:07:17.367Z|0x2dc0|Native extension for WindowsStandalone target not found
2024-08-24T08:07:17.371Z|0x2dc0|Native extension for iOS target not found
2024-08-24T08:07:17.382Z|0x2dc0|Native extension for Android target not found
2024-08-24T08:07:17.850Z|0x2dc0|[Package Manager] Server::EnsureServerProcessIsRunning -- launch failed, reason: Unity was launched with the -noUpm command-line argument
2024-08-24T08:07:17.850Z|0x2dc0|[Package Manager] UpmClient::Send -- Unable to send message (not connected to UPM process).
2024-08-24T08:07:17.850Z|0x2dc0|[Package Manager] Cannot connect to Unity Package Manager local server
2024-08-24T08:07:18.010Z|0x2dc0|Mono: successfully reloaded assembly
2024-08-24T08:07:18.040Z|0x2dc0|- Finished resetting the current domain, in  0.870 seconds
2024-08-24T08:07:18.041Z|0x2dc0|Domain Reload Profiling: 1966ms
	BeginReloadAssembly (737ms)
		ExecutionOrderSort (0ms)
		DisableScriptedObjects (583ms)
		BackupInstance (0ms)
		ReleaseScriptingObjects (0ms)
		CreateAndSetChildDomain (37ms)
	RebuildCommonClasses (32ms)
	RebuildNativeTypeToScriptingClass (11ms)
	initialDomainReloadingComplete (34ms)
	LoadAllAssembliesAndSetupDomain (281ms)
		LoadAssemblies (342ms)
		RebuildTransferFunctionScriptingTraits (0ms)
		AnalyzeDomain (21ms)
			TypeCache.Refresh (7ms)
				TypeCache.ScanAssembly (0ms)
			ScanForSourceGeneratedMonoScriptInfo (0ms)
			ResolveRequiredComponents (13ms)
	FinalizeReload (871ms)
		ReleaseScriptCaches (0ms)
		RebuildScriptCaches (0ms)
		SetupLoadedEditorAssemblies (635ms)
			LogAssemblyErrors (0ms)
			InitializePlatformSupportModulesInManaged (42ms)
			SetLoadedEditorAssemblies (6ms)
			RefreshPlugins (0ms)
			BeforeProcessingInitializeOnLoad (116ms)
			ProcessInitializeOnLoadAttributes (357ms)
			ProcessInitializeOnLoadMethodAttributes (101ms)
			AfterProcessingInitializeOnLoad (13ms)
			EditorAssembliesLoaded (0ms)
		ExecutionOrderSort2 (0ms)
		AwakeInstancesAfterBackupRestoration (24ms)
2024-08-24T08:07:19.510Z|0x2dc0|Refreshing native plugins compatible for Editor in 22.76 ms, found 4 plugins.
2024-08-24T08:07:19.510Z|0x2dc0|Preloading 0 native plugins for Editor in 0.00 ms.
2024-08-24T08:07:19.572Z|0x47c0|Unloading 5540 Unused Serialized files (Serialized files now loaded: 0)
2024-08-24T08:07:19.581Z|0x2dc0|Unloading 35 unused Assets / (0.9 MB). Loaded Objects now: 6142.
Memory consumption went from 198.4 MB to 197.5 MB.
2024-08-24T08:07:19.581Z|0x2dc0|Total: 8.682100 ms (FindLiveObjects: 0.742800 ms CreateObjectMapping: 0.814700 ms MarkObjects: 6.532100 ms  DeleteObjects: 0.589800 ms)

2024-08-24T08:07:19.581Z|0x2dc0|Prepare: number of updated asset objects reloaded= 0
2024-08-24T08:07:19.587Z|0x2dc0|AssetImportParameters requested are different than current active one (requested -> active):
2024-08-24T08:07:19.587Z|0x2dc0|  custom:container-demuxer-ogg: 62fdf1f143b41e24485cea50d1cbac27 -> 
2024-08-24T08:07:19.587Z|0x2dc0|  custom:video-codec-MediaFoundation-h265: 746d11721c4dcdbdad8f713fa42b33f4 -> 
2024-08-24T08:07:19.587Z|0x2dc0|  custom:video-decoder-ogg-theora: a1e56fd34408186e4bbccfd4996cb3dc -> 
2024-08-24T08:07:19.587Z|0x2dc0|  custom:framework-win-MediaFoundation: 216162199b28c13a410421893ffa2e32 -> 
2024-08-24T08:07:19.587Z|0x2dc0|  custom:CustomObjectIndexerAttribute: 72b91833f83ae208fae7752999fa3104 -> 
2024-08-24T08:07:19.587Z|0x2dc0|  custom:container-demuxer-webm: 4f35f7cbe854078d1ac9338744f61a02 -> 
2024-08-24T08:07:19.587Z|0x2dc0|  custom:container-muxer-webm: aa71ff27fc2769a1b78a27578f13a17b -> 
2024-08-24T08:07:19.587Z|0x2dc0|  custom:video-decoder-webm-vp8: 9c59270c3fd7afecdb556c50c9e8de78 -> 
2024-08-24T08:07:19.587Z|0x2dc0|  custom:SearchIndexIgnoredProperties: e643bd26f0fe6173181afceb89e7c659 -> 
2024-08-24T08:07:19.587Z|0x2dc0|  custom:AudioImporter_EditorPlatform: d09bf68614088b80899f8185d706f6e7 -> 
2024-08-24T08:07:19.587Z|0x2dc0|  custom:video-encoder-webm-vp8: eb34c28f22e8b96e1ab97ce403110664 -> 
2024-08-24T08:07:19.587Z|0x2dc0|  custom:audio-decoder-ogg-vorbis: bf7c407c2cedff20999df2af8eb42d56 -> 
2024-08-24T08:07:19.587Z|0x2dc0|  custom:audio-encoder-webm-vorbis: bf7c407c2cedff20999df2af8eb42d56 -> 
2024-08-24T08:07:19.588Z|0x0ae0|Editor requested this worker to shutdown with reason: Scaling down because of idle timeout
2024-08-24T08:07:19.589Z|0x0ae0|TcpMessagingSession - receive error: operation aborted. errorcode: 995, details: The I/O operation has been aborted because of either a thread exit or an application request.
2024-08-24T08:07:19.592Z|0x2dc0|AssetImportWorker is now disconnected from the server
2024-08-24T08:07:19.592Z|0x2dc0|Process exiting
2024-08-24T08:07:19.592Z|0x2dc0|Exiting without the bug reporter. Application will terminate with return code 0