2024-12-16T13:31:06.984Z|0x857c|Using pre-set license
2024-12-16T13:31:06.984Z|0x857c|Built from '6000.0/staging' branch; Version is '6000.0.28f1 (f336aca0cab5) revision 15939244'; Using compiler version '193933523'; Build Type 'Release'
2024-12-16T13:31:06.984Z|0x857c|OS: 'Windows 11  (10.0.26100) 64bit CoreSingleLanguage' Language: 'en' Physical Memory: 16068 MB
2024-12-16T13:31:06.984Z|0x857c|BatchMode: 1, IsHumanControllingUs: 0, StartBugReporterOnCrash: 0, Is64bit: 1, IsPro: 1
2024-12-16T13:31:06.986Z|0x857c|
COMMAND LINE ARGUMENTS:
2024-12-16T13:31:06.986Z|0x857c|C:\Program Files\Unity\Hub\Editor\6000.0.28f1\Editor\Unity.exe
2024-12-16T13:31:06.987Z|0x857c|-adb2
2024-12-16T13:31:06.987Z|0x857c|-batchMode
2024-12-16T13:31:06.987Z|0x857c|-noUpm
2024-12-16T13:31:06.987Z|0x857c|-name
2024-12-16T13:31:06.987Z|0x857c|AssetImportWorker1
2024-12-16T13:31:06.987Z|0x857c|-projectPath
2024-12-16T13:31:06.987Z|0x857c|C:/Users/abc4d/Documents/MyDreamgame/Unity Projets/Chess-2D-Mobile/Chess2D
2024-12-16T13:31:06.987Z|0x857c|-logFile
2024-12-16T13:31:06.987Z|0x857c|Logs/AssetImportWorker1.log
2024-12-16T13:31:06.987Z|0x857c|-srvPort
2024-12-16T13:31:06.987Z|0x857c|64510
2024-12-16T13:31:06.987Z|0x857c|-job-worker-count
2024-12-16T13:31:06.987Z|0x857c|9
2024-12-16T13:31:06.987Z|0x857c|-background-job-worker-count
2024-12-16T13:31:06.987Z|0x857c|8
2024-12-16T13:31:06.987Z|0x857c|-asset-garbage-collectors
2024-12-16T13:31:06.987Z|0x857c|1
2024-12-16T13:31:06.987Z|0x857c|Successfully changed project path to: C:/Users/abc4d/Documents/MyDreamgame/Unity Projets/Chess-2D-Mobile/Chess2D
2024-12-16T13:31:06.995Z|0x857c|C:/Users/abc4d/Documents/MyDreamgame/Unity Projets/Chess-2D-Mobile/Chess2D
2024-12-16T13:31:06.995Z|0x857c|[UnityMemory] Configuration Parameters - Can be set up in boot.config
2024-12-16T13:31:06.995Z|0x857c|    "memorysetup-bucket-allocator-granularity=16"
2024-12-16T13:31:06.995Z|0x857c|    "memorysetup-bucket-allocator-bucket-count=8"
2024-12-16T13:31:06.995Z|0x857c|    "memorysetup-bucket-allocator-block-size=33554432"
2024-12-16T13:31:06.995Z|0x857c|    "memorysetup-bucket-allocator-block-count=8"
2024-12-16T13:31:06.995Z|0x857c|    "memorysetup-main-allocator-block-size=16777216"
2024-12-16T13:31:06.995Z|0x857c|    "memorysetup-thread-allocator-block-size=16777216"
2024-12-16T13:31:06.995Z|0x857c|    "memorysetup-gfx-main-allocator-block-size=16777216"
2024-12-16T13:31:06.995Z|0x857c|    "memorysetup-gfx-thread-allocator-block-size=16777216"
2024-12-16T13:31:06.995Z|0x857c|    "memorysetup-cache-allocator-block-size=4194304"
2024-12-16T13:31:06.995Z|0x857c|    "memorysetup-typetree-allocator-block-size=2097152"
2024-12-16T13:31:06.995Z|0x857c|    "memorysetup-profiler-bucket-allocator-granularity=16"
2024-12-16T13:31:06.995Z|0x857c|    "memorysetup-profiler-bucket-allocator-bucket-count=8"
2024-12-16T13:31:06.995Z|0x857c|    "memorysetup-profiler-bucket-allocator-block-size=33554432"
2024-12-16T13:31:06.995Z|0x857c|    "memorysetup-profiler-bucket-allocator-block-count=8"
2024-12-16T13:31:06.995Z|0x857c|    "memorysetup-profiler-allocator-block-size=16777216"
2024-12-16T13:31:06.995Z|0x857c|    "memorysetup-profiler-editor-allocator-block-size=1048576"
2024-12-16T13:31:06.995Z|0x857c|    "memorysetup-temp-allocator-size-main=16777216"
2024-12-16T13:31:06.995Z|0x857c|    "memorysetup-job-temp-allocator-block-size=2097152"
2024-12-16T13:31:06.995Z|0x857c|    "memorysetup-job-temp-allocator-block-size-background=1048576"
2024-12-16T13:31:06.995Z|0x857c|    "memorysetup-job-temp-allocator-reduction-small-platforms=262144"
2024-12-16T13:31:06.995Z|0x857c|    "memorysetup-allocator-temp-initial-block-size-main=262144"
2024-12-16T13:31:06.995Z|0x857c|    "memorysetup-allocator-temp-initial-block-size-worker=262144"
2024-12-16T13:31:06.995Z|0x857c|    "memorysetup-temp-allocator-size-background-worker=32768"
2024-12-16T13:31:06.995Z|0x857c|    "memorysetup-temp-allocator-size-job-worker=262144"
2024-12-16T13:31:06.995Z|0x857c|    "memorysetup-temp-allocator-size-preload-manager=33554432"
2024-12-16T13:31:06.995Z|0x857c|    "memorysetup-temp-allocator-size-nav-mesh-worker=65536"
2024-12-16T13:31:06.995Z|0x857c|    "memorysetup-temp-allocator-size-audio-worker=65536"
2024-12-16T13:31:06.995Z|0x857c|    "memorysetup-temp-allocator-size-cloud-worker=32768"
2024-12-16T13:31:06.995Z|0x857c|    "memorysetup-temp-allocator-size-gi-baking-worker=262144"
2024-12-16T13:31:06.995Z|0x857c|    "memorysetup-temp-allocator-size-gi-baking-worker=262144"
2024-12-16T13:31:06.995Z|0x857c|    "memorysetup-temp-allocator-size-gi-baking-worker=262144"
2024-12-16T13:31:06.995Z|0x857c|    "memorysetup-temp-allocator-size-gi-baking-worker=262144"
2024-12-16T13:31:06.995Z|0x857c|    "memorysetup-temp-allocator-size-gi-baking-worker=262144"
2024-12-16T13:31:06.995Z|0x857c|    "memorysetup-temp-allocator-size-gfx=262144"
2024-12-16T13:31:06.999Z|0x857c|Player connection [34172]  Target information:

2024-12-16T13:31:06.999Z|0x857c|Player connection [34172]  * "[IP] 192.168.0.108 [Port] 0 [Flags] 2 [Guid] 855059320 [EditorId] 855059320 [Version] 1048832 [Id] WindowsEditor(7,Abhi) [Debug] 1 [PackageName] WindowsEditor [ProjectName] Editor" 

2024-12-16T13:31:07.000Z|0x857c|Player connection [34172] Host joined multi-casting on [225.0.0.222:54997]...
2024-12-16T13:31:07.002Z|0x857c|Player connection [34172] Host joined alternative multi-casting on [225.0.0.222:34997]...
2024-12-16T13:31:07.002Z|0x857c|JobSystem: Creating JobQueue using job-worker-count value 9
2024-12-16T13:31:07.006Z|0x857c|[Physics::Module] Initialized fallback backend.
2024-12-16T13:31:07.006Z|0x857c|[Physics::Module] Id: 0xdecafbad
2024-12-16T13:31:07.046Z|0x857c|Library Redirect Path: Library/
2024-12-16T13:31:07.061Z|0x857c|[Physics::Module] Selected backend.
2024-12-16T13:31:07.061Z|0x857c|[Physics::Module] Name: PhysX
2024-12-16T13:31:07.061Z|0x857c|[Physics::Module] Id: 0xf2b8ea05
2024-12-16T13:31:07.061Z|0x857c|[Physics::Module] SDK Version: 4.1.2
2024-12-16T13:31:07.061Z|0x857c|[Physics::Module] Integration Version: 1.0.0
2024-12-16T13:31:07.061Z|0x857c|[Physics::Module] Threading Mode: Multi-Threaded
2024-12-16T13:31:07.069Z|0x857c|Refreshing native plugins compatible for Editor in 1.93 ms, found 4 plugins.
2024-12-16T13:31:07.069Z|0x857c|Preloading 0 native plugins for Editor in 0.00 ms.
2024-12-16T13:31:07.070Z|0x857c|Initialize engine version: 6000.0.28f1 (f336aca0cab5)
2024-12-16T13:31:07.070Z|0x857c|[Subsystems] Discovering subsystems at path C:/Program Files/Unity/Hub/Editor/6000.0.28f1/Editor/Data/Resources/UnitySubsystems
2024-12-16T13:31:07.070Z|0x857c|[Subsystems] Discovering subsystems at path C:/Users/abc4d/Documents/MyDreamgame/Unity Projets/Chess-2D-Mobile/Chess2D/Assets
2024-12-16T13:31:07.071Z|0x857c|GfxDevice: creating device client; kGfxThreadingModeNonThreaded
2024-12-16T13:31:07.248Z|0x857c|Direct3D:
2024-12-16T13:31:07.248Z|0x857c|    Version:  Direct3D 11.0 [level 11.1]
2024-12-16T13:31:07.248Z|0x857c|    Renderer: NVIDIA GeForce RTX 3060 Laptop GPU (ID=0x2560)
2024-12-16T13:31:07.248Z|0x857c|    Vendor:   NVIDIA
2024-12-16T13:31:07.248Z|0x857c|    VRAM:     5996 MB
2024-12-16T13:31:07.248Z|0x857c|    Driver:   32.0.15.6636
2024-12-16T13:31:07.375Z|0x857c|Initialize mono
2024-12-16T13:31:07.375Z|0x857c|Mono path[0] = 'C:/Program Files/Unity/Hub/Editor/6000.0.28f1/Editor/Data/Managed'
2024-12-16T13:31:07.375Z|0x857c|Mono path[1] = 'C:/Program Files/Unity/Hub/Editor/6000.0.28f1/Editor/Data/MonoBleedingEdge/lib/mono/unityjit-win32'
2024-12-16T13:31:07.375Z|0x857c|Mono config path = 'C:/Program Files/Unity/Hub/Editor/6000.0.28f1/Editor/Data/MonoBleedingEdge/etc'
2024-12-16T13:31:07.375Z|0x857c|Using monoOptions --debugger-agent=transport=dt_socket,embedding=1,server=y,suspend=n,address=127.0.0.1:56480
2024-12-16T13:31:07.426Z|0x857c|Begin MonoManager ReloadAssembly
2024-12-16T13:31:07.614Z|0x857c|Registering precompiled unity dll's ...
2024-12-16T13:31:07.615Z|0x857c|Register platform support module: C:/Program Files/Unity/Hub/Editor/6000.0.28f1/Editor/Data/PlaybackEngines/WindowsStandaloneSupport/UnityEditor.WindowsStandalone.Extensions.dll
2024-12-16T13:31:07.617Z|0x857c|Register platform support module: C:/Program Files/Unity/Hub/Editor/6000.0.28f1/Editor/Data/PlaybackEngines/AndroidPlayer/UnityEditor.Android.Extensions.dll
2024-12-16T13:31:07.618Z|0x857c|Register platform support module: C:/Program Files/Unity/Hub/Editor/6000.0.28f1/Editor/Data/PlaybackEngines/iOSSupport/UnityEditor.iOS.Extensions.dll
2024-12-16T13:31:07.620Z|0x857c|Registered in 0.006432 seconds.
2024-12-16T13:31:07.818Z|0x857c|- Loaded All Assemblies, in  0.391 seconds
[usbmuxd] Start listen thread
[usbmuxd] Listen thread started
2024-12-16T13:31:07.879Z|0x857c|Native extension for iOS target not found
2024-12-16T13:31:07.902Z|0x857c|Native extension for Android target not found
2024-12-16T13:31:16.528Z|0x857c|CommandWithNoStdoutInvokationFailure: Unable to start ADB server. Please make sure the Android SDK is installed and is properly configured in the Editor. See the Console for more details.
  at UnityEditor.Android.Command.RunWithShellExecute (System.String command, System.String args, System.String workingdir, System.String errorMsg) [0x00060] in <504fc30bb3c84fc7a2f49634e49dcfeb>:0 
  at UnityEditor.Android.ADB.StartServer () [0x00013] in <504fc30bb3c84fc7a2f49634e49dcfeb>:0 
  at UnityEditor.Android.ADB.Run (System.String[] command, UnityEditor.Android.Command+WaitingForProcessToExit waitingForProcessToExit, System.String errorMsg) [0x0000b] in <504fc30bb3c84fc7a2f49634e49dcfeb>:0 
  at UnityEditor.Android.AndroidDeploymentTargetsExtension.GetKnownTargets (UnityEditor.DeploymentTargets.IDeploymentTargetsMainThreadContext context, UnityEditor.ProgressHandler progressHandler) [0x002ae] in <504fc30bb3c84fc7a2f49634e49dcfeb>:0 
  at UnityEditor.Android.TargetScanWorker.ScanSync () [0x00049] in <504fc30bb3c84fc7a2f49634e49dcfeb>:0 
  at UnityEditor.Android.TargetExtension.OnUsbDevicesChanged (UnityEditor.Hardware.UsbDevice[] usbDevices) [0x00087] in <504fc30bb3c84fc7a2f49634e49dcfeb>:0 
  at UnityEditor.Android.TargetExtension.OnLoad () [0x000af] in <504fc30bb3c84fc7a2f49634e49dcfeb>:0 
  at UnityEditor.Modules.ModuleManager.InitializePlatformSupportModules () [0x000ba] in <45b9485b4ba64564b30d91e935218d54>:0 
UnityEngine.DebugLogHandler:Internal_LogException_Injected(Exception, IntPtr)
UnityEngine.DebugLogHandler:Internal_LogException(Exception, Object)
UnityEngine.DebugLogHandler:LogException(Exception, Object)
UnityEngine.Logger:LogException(Exception, Object)
UnityEngine.Debug:LogException(Exception)
UnityEditor.Modules.ModuleManager:InitializePlatformSupportModules()

2024-12-16T13:31:16.528Z|0x857c|Native extension for WindowsStandalone target not found
2024-12-16T13:31:16.755Z|0x857c|Mono: successfully reloaded assembly
2024-12-16T13:31:16.774Z|0x857c|- Finished resetting the current domain, in  8.956 seconds
2024-12-16T13:31:16.774Z|0x857c|Domain Reload Profiling: 9344ms
	BeginReloadAssembly (123ms)
		ExecutionOrderSort (0ms)
		DisableScriptedObjects (0ms)
		BackupInstance (0ms)
		ReleaseScriptingObjects (0ms)
		CreateAndSetChildDomain (1ms)
	RebuildCommonClasses (35ms)
	RebuildNativeTypeToScriptingClass (11ms)
	initialDomainReloadingComplete (50ms)
	LoadAllAssembliesAndSetupDomain (168ms)
		LoadAssemblies (121ms)
		RebuildTransferFunctionScriptingTraits (0ms)
		AnalyzeDomain (165ms)
			TypeCache.Refresh (163ms)
				TypeCache.ScanAssembly (150ms)
			BuildScriptInfoCaches (0ms)
			ResolveRequiredComponents (0ms)
	FinalizeReload (8956ms)
		ReleaseScriptCaches (0ms)
		RebuildScriptCaches (0ms)
		SetupLoadedEditorAssemblies (8912ms)
			LogAssemblyErrors (0ms)
			InitializePlatformSupportModulesInManaged (8685ms)
			SetLoadedEditorAssemblies (4ms)
			BeforeProcessingInitializeOnLoad (7ms)
			ProcessInitializeOnLoadAttributes (141ms)
			ProcessInitializeOnLoadMethodAttributes (71ms)
			AfterProcessingInitializeOnLoad (3ms)
			EditorAssembliesLoaded (0ms)
		ExecutionOrderSort2 (0ms)
		AwakeInstancesAfterBackupRestoration (0ms)
2024-12-16T13:31:16.952Z|0x857c|========================================================================
2024-12-16T13:31:16.952Z|0x857c|Worker process is ready to serve import requests
2024-12-16T13:31:16.952Z|0x857c|Import Worker Mode flag is 0x00
2024-12-16T13:31:17.104Z|0x857c|Begin MonoManager ReloadAssembly
2024-12-16T13:31:18.080Z|0x857c|- Loaded All Assemblies, in  0.975 seconds
2024-12-16T13:31:18.288Z|0x857c|Refreshing native plugins compatible for Editor in 1.21 ms, found 4 plugins.
2024-12-16T13:31:18.397Z|0x857c|Native extension for iOS target not found
2024-12-16T13:31:18.404Z|0x857c|Native extension for Android target not found
2024-12-16T13:31:18.409Z|0x857c|Native extension for WindowsStandalone target not found
2024-12-16T13:31:18.852Z|0x857c|The project currently uses the compatibility mode where the Render Graph API is disabled. Support for this mode will be removed in future Unity versions. Migrate existing ScriptableRenderPasses to the new RenderGraph API. After the migration, disable the compatibility mode in Edit > Projects Settings > Graphics > Render Graph.
UnityEngine.Debug:ExtractStackTraceNoAlloc (byte*,int,string)
UnityEngine.StackTraceUtility:ExtractStackTrace ()
UnityEngine.DebugLogHandler:Internal_Log (UnityEngine.LogType,UnityEngine.LogOption,string,UnityEngine.Object)
UnityEngine.DebugLogHandler:LogFormat (UnityEngine.LogType,UnityEngine.Object,string,object[])
UnityEngine.Logger:Log (UnityEngine.LogType,object)
UnityEngine.Debug:LogWarning (object)
UnityEngine.Rendering.Universal.WarnUsingNonRenderGraph:EmitConsoleWarning () (at ./Library/PackageCache/com.unity.render-pipelines.universal/Runtime/Data/UniversalRenderPipelineAsset.cs:427)
System.Reflection.RuntimeMethodInfo:Invoke (object,System.Reflection.BindingFlags,System.Reflection.Binder,object[],System.Globalization.CultureInfo)
System.Reflection.MethodBase:Invoke (object,object[])
UnityEditor.EditorAssemblies:ProcessInitializeOnLoadMethodAttributes ()

(Filename: ./Library/PackageCache/com.unity.render-pipelines.universal/Runtime/Data/UniversalRenderPipelineAsset.cs Line: 427)

2024-12-16T13:31:18.904Z|0x857c|Mono: successfully reloaded assembly
2024-12-16T13:31:18.993Z|0x857c|- Finished resetting the current domain, in  0.703 seconds
2024-12-16T13:31:18.993Z|0x857c|Domain Reload Profiling: 1672ms
	BeginReloadAssembly (372ms)
		ExecutionOrderSort (0ms)
		DisableScriptedObjects (6ms)
		BackupInstance (0ms)
		ReleaseScriptingObjects (0ms)
		CreateAndSetChildDomain (25ms)
	RebuildCommonClasses (30ms)
	RebuildNativeTypeToScriptingClass (10ms)
	initialDomainReloadingComplete (36ms)
	LoadAllAssembliesAndSetupDomain (520ms)
		LoadAssemblies (347ms)
		RebuildTransferFunctionScriptingTraits (0ms)
		AnalyzeDomain (267ms)
			TypeCache.Refresh (187ms)
				TypeCache.ScanAssembly (170ms)
			BuildScriptInfoCaches (67ms)
			ResolveRequiredComponents (9ms)
	FinalizeReload (703ms)
		ReleaseScriptCaches (0ms)
		RebuildScriptCaches (0ms)
		SetupLoadedEditorAssemblies (506ms)
			LogAssemblyErrors (0ms)
			InitializePlatformSupportModulesInManaged (16ms)
			SetLoadedEditorAssemblies (4ms)
			BeforeProcessingInitializeOnLoad (60ms)
			ProcessInitializeOnLoadAttributes (345ms)
			ProcessInitializeOnLoadMethodAttributes (74ms)
			AfterProcessingInitializeOnLoad (8ms)
			EditorAssembliesLoaded (0ms)
		ExecutionOrderSort2 (0ms)
		AwakeInstancesAfterBackupRestoration (5ms)
2024-12-16T13:31:19.156Z|0x857c|Launched and connected shader compiler UnityShaderCompiler.exe after 0.01 seconds
2024-12-16T13:31:19.180Z|0x857c|Refreshing native plugins compatible for Editor in 1.51 ms, found 4 plugins.
2024-12-16T13:31:19.180Z|0x857c|Preloading 0 native plugins for Editor in 0.00 ms.
2024-12-16T13:31:19.183Z|0x5ad0|Unloading 219 Unused Serialized files (Serialized files now loaded: 0)
2024-12-16T13:31:19.191Z|0x857c|Unloading 6124 unused Assets / (5.1 MB). Loaded Objects now: 6899.
Memory consumption went from 203.3 MB to 198.2 MB.
2024-12-16T13:31:19.191Z|0x857c|Total: 7.270700 ms (FindLiveObjects: 0.475200 ms CreateObjectMapping: 0.444800 ms MarkObjects: 4.390900 ms  DeleteObjects: 1.958900 ms)

2024-12-16T13:33:44.300Z|0x857c|========================================================================
2024-12-16T13:33:44.300Z|0x857c|Received Prepare
2024-12-16T13:33:44.445Z|0x857c|Begin MonoManager ReloadAssembly
2024-12-16T13:33:45.215Z|0x857c|- Loaded All Assemblies, in  0.770 seconds
2024-12-16T13:33:45.479Z|0x857c|Refreshing native plugins compatible for Editor in 1.59 ms, found 4 plugins.
2024-12-16T13:33:45.635Z|0x857c|Native extension for iOS target not found
2024-12-16T13:33:45.642Z|0x857c|Native extension for Android target not found
2024-12-16T13:33:45.645Z|0x857c|Native extension for WindowsStandalone target not found
2024-12-16T13:33:46.192Z|0x857c|The project currently uses the compatibility mode where the Render Graph API is disabled. Support for this mode will be removed in future Unity versions. Migrate existing ScriptableRenderPasses to the new RenderGraph API. After the migration, disable the compatibility mode in Edit > Projects Settings > Graphics > Render Graph.
UnityEngine.Debug:ExtractStackTraceNoAlloc (byte*,int,string)
UnityEngine.StackTraceUtility:ExtractStackTrace ()
UnityEngine.DebugLogHandler:Internal_Log (UnityEngine.LogType,UnityEngine.LogOption,string,UnityEngine.Object)
UnityEngine.DebugLogHandler:LogFormat (UnityEngine.LogType,UnityEngine.Object,string,object[])
UnityEngine.Logger:Log (UnityEngine.LogType,object)
UnityEngine.Debug:LogWarning (object)
UnityEngine.Rendering.Universal.WarnUsingNonRenderGraph:EmitConsoleWarning () (at ./Library/PackageCache/com.unity.render-pipelines.universal/Runtime/Data/UniversalRenderPipelineAsset.cs:427)
System.Reflection.RuntimeMethodInfo:Invoke (object,System.Reflection.BindingFlags,System.Reflection.Binder,object[],System.Globalization.CultureInfo)
System.Reflection.MethodBase:Invoke (object,object[])
UnityEditor.EditorAssemblies:ProcessInitializeOnLoadMethodAttributes ()

(Filename: ./Library/PackageCache/com.unity.render-pipelines.universal/Runtime/Data/UniversalRenderPipelineAsset.cs Line: 427)

2024-12-16T13:33:46.259Z|0x857c|Mono: successfully reloaded assembly
2024-12-16T13:33:46.384Z|0x857c|- Finished resetting the current domain, in  0.901 seconds
2024-12-16T13:33:46.384Z|0x857c|Domain Reload Profiling: 1668ms
	BeginReloadAssembly (200ms)
		ExecutionOrderSort (0ms)
		DisableScriptedObjects (12ms)
		BackupInstance (0ms)
		ReleaseScriptingObjects (0ms)
		CreateAndSetChildDomain (50ms)
	RebuildCommonClasses (32ms)
	RebuildNativeTypeToScriptingClass (11ms)
	initialDomainReloadingComplete (25ms)
	LoadAllAssembliesAndSetupDomain (499ms)
		LoadAssemblies (378ms)
		RebuildTransferFunctionScriptingTraits (0ms)
		AnalyzeDomain (211ms)
			TypeCache.Refresh (10ms)
				TypeCache.ScanAssembly (0ms)
			BuildScriptInfoCaches (184ms)
			ResolveRequiredComponents (11ms)
	FinalizeReload (902ms)
		ReleaseScriptCaches (0ms)
		RebuildScriptCaches (0ms)
		SetupLoadedEditorAssemblies (620ms)
			LogAssemblyErrors (0ms)
			InitializePlatformSupportModulesInManaged (15ms)
			SetLoadedEditorAssemblies (6ms)
			BeforeProcessingInitializeOnLoad (74ms)
			ProcessInitializeOnLoadAttributes (459ms)
			ProcessInitializeOnLoadMethodAttributes (57ms)
			AfterProcessingInitializeOnLoad (8ms)
			EditorAssembliesLoaded (0ms)
		ExecutionOrderSort2 (0ms)
		AwakeInstancesAfterBackupRestoration (9ms)
2024-12-16T13:33:46.485Z|0x857c|Refreshing native plugins compatible for Editor in 1.34 ms, found 4 plugins.
2024-12-16T13:33:46.485Z|0x857c|Preloading 0 native plugins for Editor in 0.00 ms.
2024-12-16T13:33:46.486Z|0x5b9c|Unloading 13 Unused Serialized files (Serialized files now loaded: 0)
2024-12-16T13:33:46.493Z|0x857c|Unloading 6122 unused Assets / (5.1 MB). Loaded Objects now: 6902.
Memory consumption went from 170.3 MB to 165.1 MB.
2024-12-16T13:33:46.493Z|0x857c|Total: 8.478000 ms (FindLiveObjects: 0.592100 ms CreateObjectMapping: 0.545600 ms MarkObjects: 5.197700 ms  DeleteObjects: 2.140700 ms)

2024-12-16T13:33:46.493Z|0x857c|Prepare: number of updated asset objects reloaded= 0
