2024-08-24T14:04:03.679Z|0x77c0|Using pre-set license
2024-08-24T14:04:03.680Z|0x77c0|Built from '2022.3/staging' branch; Version is '2022.3.42f1 (2dcb6a0abc42) revision 3001194'; Using compiler version '192829333'; Build Type 'Release'
2024-08-24T14:04:03.680Z|0x77c0|OS: 'Windows 11  (10.0.22631) 64bit CoreSingleLanguage' Language: 'en' Physical Memory: 16068 MB
2024-08-24T14:04:03.680Z|0x77c0|BatchMode: 1, IsHumanControllingUs: 0, StartBugReporterOnCrash: 0, Is64bit: 1, IsPro: 1
2024-08-24T14:04:03.683Z|0x77c0|
COMMAND LINE ARGUMENTS:
2024-08-24T14:04:03.683Z|0x77c0|C:\Program Files\Unity\Hub\Editor\2022.3.42f1\Editor\Unity.exe
2024-08-24T14:04:03.683Z|0x77c0|-adb2
2024-08-24T14:04:03.683Z|0x77c0|-batchMode
2024-08-24T14:04:03.683Z|0x77c0|-noUpm
2024-08-24T14:04:03.683Z|0x77c0|-name
2024-08-24T14:04:03.683Z|0x77c0|AssetImportWorker1
2024-08-24T14:04:03.683Z|0x77c0|-projectPath
2024-08-24T14:04:03.683Z|0x77c0|C:/Users/abc4d/Documents/MyDreamgame/Unity Projets/Chess-2D-Mobile/Chess2D
2024-08-24T14:04:03.683Z|0x77c0|-logFile
2024-08-24T14:04:03.683Z|0x77c0|Logs/AssetImportWorker1.log
2024-08-24T14:04:03.683Z|0x77c0|-srvPort
2024-08-24T14:04:03.683Z|0x77c0|57258
2024-08-24T14:04:03.683Z|0x77c0|Successfully changed project path to: C:/Users/abc4d/Documents/MyDreamgame/Unity Projets/Chess-2D-Mobile/Chess2D
2024-08-24T14:04:03.692Z|0x77c0|C:/Users/abc4d/Documents/MyDreamgame/Unity Projets/Chess-2D-Mobile/Chess2D
2024-08-24T14:04:03.693Z|0x77c0|[UnityMemory] Configuration Parameters - Can be set up in boot.config
2024-08-24T14:04:03.693Z|0x77c0|    "memorysetup-bucket-allocator-granularity=16"
2024-08-24T14:04:03.693Z|0x77c0|    "memorysetup-bucket-allocator-bucket-count=8"
2024-08-24T14:04:03.693Z|0x77c0|    "memorysetup-bucket-allocator-block-size=33554432"
2024-08-24T14:04:03.693Z|0x77c0|    "memorysetup-bucket-allocator-block-count=8"
2024-08-24T14:04:03.693Z|0x77c0|    "memorysetup-main-allocator-block-size=16777216"
2024-08-24T14:04:03.693Z|0x77c0|    "memorysetup-thread-allocator-block-size=16777216"
2024-08-24T14:04:03.693Z|0x77c0|    "memorysetup-gfx-main-allocator-block-size=16777216"
2024-08-24T14:04:03.693Z|0x77c0|    "memorysetup-gfx-thread-allocator-block-size=16777216"
2024-08-24T14:04:03.693Z|0x77c0|    "memorysetup-cache-allocator-block-size=4194304"
2024-08-24T14:04:03.693Z|0x77c0|    "memorysetup-typetree-allocator-block-size=2097152"
2024-08-24T14:04:03.693Z|0x77c0|    "memorysetup-profiler-bucket-allocator-granularity=16"
2024-08-24T14:04:03.693Z|0x77c0|    "memorysetup-profiler-bucket-allocator-bucket-count=8"
2024-08-24T14:04:03.693Z|0x77c0|    "memorysetup-profiler-bucket-allocator-block-size=33554432"
2024-08-24T14:04:03.693Z|0x77c0|    "memorysetup-profiler-bucket-allocator-block-count=8"
2024-08-24T14:04:03.693Z|0x77c0|    "memorysetup-profiler-allocator-block-size=16777216"
2024-08-24T14:04:03.693Z|0x77c0|    "memorysetup-profiler-editor-allocator-block-size=1048576"
2024-08-24T14:04:03.693Z|0x77c0|    "memorysetup-temp-allocator-size-main=16777216"
2024-08-24T14:04:03.693Z|0x77c0|    "memorysetup-job-temp-allocator-block-size=2097152"
2024-08-24T14:04:03.693Z|0x77c0|    "memorysetup-job-temp-allocator-block-size-background=1048576"
2024-08-24T14:04:03.693Z|0x77c0|    "memorysetup-job-temp-allocator-reduction-small-platforms=262144"
2024-08-24T14:04:03.693Z|0x77c0|    "memorysetup-allocator-temp-initial-block-size-main=262144"
2024-08-24T14:04:03.693Z|0x77c0|    "memorysetup-allocator-temp-initial-block-size-worker=262144"
2024-08-24T14:04:03.693Z|0x77c0|    "memorysetup-temp-allocator-size-background-worker=32768"
2024-08-24T14:04:03.693Z|0x77c0|    "memorysetup-temp-allocator-size-job-worker=262144"
2024-08-24T14:04:03.693Z|0x77c0|    "memorysetup-temp-allocator-size-preload-manager=33554432"
2024-08-24T14:04:03.693Z|0x77c0|    "memorysetup-temp-allocator-size-nav-mesh-worker=65536"
2024-08-24T14:04:03.693Z|0x77c0|    "memorysetup-temp-allocator-size-audio-worker=65536"
2024-08-24T14:04:03.693Z|0x77c0|    "memorysetup-temp-allocator-size-cloud-worker=32768"
2024-08-24T14:04:03.693Z|0x77c0|    "memorysetup-temp-allocator-size-gi-baking-worker=262144"
2024-08-24T14:04:03.693Z|0x77c0|    "memorysetup-temp-allocator-size-gfx=262144"
2024-08-24T14:04:03.698Z|0x77c0|Player connection [30656]  Target information:

2024-08-24T14:04:03.698Z|0x77c0|Player connection [30656]  * "[IP] 192.168.246.80 [Port] 0 [Flags] 2 [Guid] 3944609295 [EditorId] 3944609295 [Version] 1048832 [Id] WindowsEditor(7,Abhi) [Debug] 1 [PackageName] WindowsEditor [ProjectName] Editor" 

2024-08-24T14:04:03.699Z|0x77c0|Player connection [30656] Host joined multi-casting on [225.0.0.222:54997]...
2024-08-24T14:04:03.700Z|0x77c0|Player connection [30656] Host joined alternative multi-casting on [225.0.0.222:34997]...
2024-08-24T14:04:03.704Z|0x77c0|[PhysX] Initialized MultithreadedTaskDispatcher with 20 workers.
2024-08-24T14:04:03.777Z|0x77c0|Refreshing native plugins compatible for Editor in 12.37 ms, found 4 plugins.
2024-08-24T14:04:03.777Z|0x77c0|Preloading 0 native plugins for Editor in 0.00 ms.
2024-08-24T14:04:03.777Z|0x77c0|Initialize engine version: 2022.3.42f1 (2dcb6a0abc42)
2024-08-24T14:04:03.777Z|0x77c0|[Subsystems] Discovering subsystems at path C:/Program Files/Unity/Hub/Editor/2022.3.42f1/Editor/Data/Resources/UnitySubsystems
2024-08-24T14:04:03.777Z|0x77c0|[Subsystems] Discovering subsystems at path C:/Users/abc4d/Documents/MyDreamgame/Unity Projets/Chess-2D-Mobile/Chess2D/Assets
2024-08-24T14:04:03.777Z|0x77c0|GfxDevice: creating device client; threaded=0; jobified=0
2024-08-24T14:04:03.909Z|0x77c0|Direct3D:
2024-08-24T14:04:03.909Z|0x77c0|    Version:  Direct3D 11.0 [level 11.1]
2024-08-24T14:04:03.909Z|0x77c0|    Renderer: NVIDIA GeForce RTX 3060 Laptop GPU (ID=0x2560)
2024-08-24T14:04:03.909Z|0x77c0|    Vendor:   NVIDIA
2024-08-24T14:04:03.909Z|0x77c0|    VRAM:     5996 MB
2024-08-24T14:04:03.909Z|0x77c0|    Driver:   32.0.15.6094
2024-08-24T14:04:03.993Z|0x77c0|Initialize mono
2024-08-24T14:04:03.993Z|0x77c0|Mono path[0] = 'C:/Program Files/Unity/Hub/Editor/2022.3.42f1/Editor/Data/Managed'
2024-08-24T14:04:03.993Z|0x77c0|Mono path[1] = 'C:/Program Files/Unity/Hub/Editor/2022.3.42f1/Editor/Data/MonoBleedingEdge/lib/mono/unityjit-win32'
2024-08-24T14:04:03.993Z|0x77c0|Mono config path = 'C:/Program Files/Unity/Hub/Editor/2022.3.42f1/Editor/Data/MonoBleedingEdge/etc'
2024-08-24T14:04:03.993Z|0x77c0|Using monoOptions --debugger-agent=transport=dt_socket,embedding=1,server=y,suspend=n,address=127.0.0.1:56032
2024-08-24T14:04:04.037Z|0x77c0|Begin MonoManager ReloadAssembly
2024-08-24T14:04:04.187Z|0x77c0|Registering precompiled unity dll's ...
2024-08-24T14:04:04.189Z|0x77c0|Register platform support module: C:/Program Files/Unity/Hub/Editor/2022.3.42f1/Editor/Data/PlaybackEngines/AndroidPlayer/UnityEditor.Android.Extensions.dll
2024-08-24T14:04:04.191Z|0x77c0|Register platform support module: C:/Program Files/Unity/Hub/Editor/2022.3.42f1/Editor/Data/PlaybackEngines/iOSSupport/UnityEditor.iOS.Extensions.dll
2024-08-24T14:04:04.193Z|0x77c0|Register platform support module: C:/Program Files/Unity/Hub/Editor/2022.3.42f1/Editor/Data/PlaybackEngines/WindowsStandaloneSupport/UnityEditor.WindowsStandalone.Extensions.dll
2024-08-24T14:04:04.195Z|0x77c0|Registered in 0.008573 seconds.
2024-08-24T14:04:04.350Z|0x77c0|- Loaded All Assemblies, in  0.312 seconds
2024-08-24T14:04:04.389Z|0x77c0|Native extension for WindowsStandalone target not found
[usbmuxd] Start listen thread
[usbmuxd] Listen thread started
2024-08-24T14:04:04.392Z|0x77c0|Native extension for iOS target not found
2024-08-24T14:04:04.401Z|0x77c0|Native extension for Android target not found
2024-08-24T14:04:04.691Z|0x77c0|Android Extension - Scanning For ADB Devices 246 ms2024-08-24T14:04:04.691Z|0x77c0|
2024-08-24T14:04:04.873Z|0x77c0|Mono: successfully reloaded assembly
2024-08-24T14:04:04.887Z|0x77c0|- Finished resetting the current domain, in  0.537 seconds
2024-08-24T14:04:04.887Z|0x77c0|Domain Reload Profiling: 847ms
	BeginReloadAssembly (100ms)
		ExecutionOrderSort (0ms)
		DisableScriptedObjects (0ms)
		BackupInstance (0ms)
		ReleaseScriptingObjects (0ms)
		CreateAndSetChildDomain (1ms)
	RebuildCommonClasses (27ms)
	RebuildNativeTypeToScriptingClass (8ms)
	initialDomainReloadingComplete (51ms)
	LoadAllAssembliesAndSetupDomain (125ms)
		LoadAssemblies (98ms)
		RebuildTransferFunctionScriptingTraits (0ms)
		AnalyzeDomain (123ms)
			TypeCache.Refresh (121ms)
				TypeCache.ScanAssembly (111ms)
			ScanForSourceGeneratedMonoScriptInfo (0ms)
			ResolveRequiredComponents (0ms)
	FinalizeReload (537ms)
		ReleaseScriptCaches (0ms)
		RebuildScriptCaches (0ms)
		SetupLoadedEditorAssemblies (499ms)
			LogAssemblyErrors (0ms)
			InitializePlatformSupportModulesInManaged (348ms)
			SetLoadedEditorAssemblies (3ms)
			RefreshPlugins (0ms)
			BeforeProcessingInitializeOnLoad (2ms)
			ProcessInitializeOnLoadAttributes (99ms)
			ProcessInitializeOnLoadMethodAttributes (47ms)
			AfterProcessingInitializeOnLoad (0ms)
			EditorAssembliesLoaded (0ms)
		ExecutionOrderSort2 (0ms)
		AwakeInstancesAfterBackupRestoration (0ms)
2024-08-24T14:04:05.058Z|0x77c0|========================================================================
2024-08-24T14:04:05.058Z|0x77c0|Worker process is ready to serve import requests
2024-08-24T14:04:06.446Z|0x77c0|Caller must complete domain reload
2024-08-24T14:04:06.522Z|0x77c0|Begin MonoManager ReloadAssembly
2024-08-24T14:04:07.310Z|0x77c0|- Loaded All Assemblies, in  0.788 seconds
2024-08-24T14:04:07.434Z|0x77c0|Native extension for WindowsStandalone target not found
2024-08-24T14:04:07.437Z|0x77c0|Native extension for iOS target not found
2024-08-24T14:04:07.444Z|0x77c0|Native extension for Android target not found
2024-08-24T14:04:07.774Z|0x77c0|Package Manager log level set to [2]
2024-08-24T14:04:07.774Z|0x77c0|[Package Manager] Server::EnsureServerProcessIsRunning -- launch failed, reason: Unity was launched with the -noUpm command-line argument
2024-08-24T14:04:07.774Z|0x77c0|[Package Manager] UpmClient::Send -- Unable to send message (not connected to UPM process).
2024-08-24T14:04:07.774Z|0x77c0|[Package Manager] Cannot connect to Unity Package Manager local server
2024-08-24T14:04:07.877Z|0x77c0|Mono: successfully reloaded assembly
2024-08-24T14:04:07.897Z|0x77c0|- Finished resetting the current domain, in  0.586 seconds
2024-08-24T14:04:07.897Z|0x77c0|Domain Reload Profiling: 1369ms
	BeginReloadAssembly (186ms)
		ExecutionOrderSort (0ms)
		DisableScriptedObjects (6ms)
		BackupInstance (0ms)
		ReleaseScriptingObjects (0ms)
		CreateAndSetChildDomain (23ms)
	RebuildCommonClasses (38ms)
	RebuildNativeTypeToScriptingClass (9ms)
	initialDomainReloadingComplete (49ms)
	LoadAllAssembliesAndSetupDomain (501ms)
		LoadAssemblies (427ms)
		RebuildTransferFunctionScriptingTraits (0ms)
		AnalyzeDomain (184ms)
			TypeCache.Refresh (153ms)
				TypeCache.ScanAssembly (137ms)
			ScanForSourceGeneratedMonoScriptInfo (21ms)
			ResolveRequiredComponents (8ms)
	FinalizeReload (586ms)
		ReleaseScriptCaches (0ms)
		RebuildScriptCaches (0ms)
		SetupLoadedEditorAssemblies (449ms)
			LogAssemblyErrors (0ms)
			InitializePlatformSupportModulesInManaged (30ms)
			SetLoadedEditorAssemblies (4ms)
			RefreshPlugins (0ms)
			BeforeProcessingInitializeOnLoad (75ms)
			ProcessInitializeOnLoadAttributes (259ms)
			ProcessInitializeOnLoadMethodAttributes (73ms)
			AfterProcessingInitializeOnLoad (7ms)
			EditorAssembliesLoaded (0ms)
		ExecutionOrderSort2 (0ms)
		AwakeInstancesAfterBackupRestoration (5ms)
2024-08-24T14:04:08.202Z|0x77c0|Launched and connected shader compiler UnityShaderCompiler.exe after 0.07 seconds
2024-08-24T14:04:08.293Z|0x77c0|Refreshing native plugins compatible for Editor in 4.62 ms, found 4 plugins.
2024-08-24T14:04:08.293Z|0x77c0|Preloading 0 native plugins for Editor in 0.00 ms.
2024-08-24T14:04:08.315Z|0x7818|Unloading 5693 Unused Serialized files (Serialized files now loaded: 0)
2024-08-24T14:04:08.320Z|0x77c0|Unloading 48 unused Assets / (0.9 MB). Loaded Objects now: 6150.
Memory consumption went from 225.9 MB to 225.0 MB.
2024-08-24T14:04:08.320Z|0x77c0|Total: 4.300900 ms (FindLiveObjects: 0.324700 ms CreateObjectMapping: 0.210300 ms MarkObjects: 3.305300 ms  DeleteObjects: 0.458700 ms)

2024-08-24T14:04:08.322Z|0x77c0|AssetImportParameters requested are different than current active one (requested -> active):
2024-08-24T14:04:08.322Z|0x77c0|  custom:container-demuxer-ogg: 62fdf1f143b41e24485cea50d1cbac27 -> 
2024-08-24T14:04:08.322Z|0x77c0|  custom:video-codec-MediaFoundation-h265: 746d11721c4dcdbdad8f713fa42b33f4 -> 
2024-08-24T14:04:08.322Z|0x77c0|  custom:video-decoder-ogg-theora: a1e56fd34408186e4bbccfd4996cb3dc -> 
2024-08-24T14:04:08.322Z|0x77c0|  custom:framework-win-MediaFoundation: 216162199b28c13a410421893ffa2e32 -> 
2024-08-24T14:04:08.322Z|0x77c0|  custom:CustomObjectIndexerAttribute: 72b91833f83ae208fae7752999fa3104 -> 
2024-08-24T14:04:08.322Z|0x77c0|  custom:container-demuxer-webm: 4f35f7cbe854078d1ac9338744f61a02 -> 
2024-08-24T14:04:08.322Z|0x77c0|  custom:container-muxer-webm: aa71ff27fc2769a1b78a27578f13a17b -> 
2024-08-24T14:04:08.322Z|0x77c0|  custom:video-decoder-webm-vp8: 9c59270c3fd7afecdb556c50c9e8de78 -> 
2024-08-24T14:04:08.322Z|0x77c0|  custom:SearchIndexIgnoredProperties: e643bd26f0fe6173181afceb89e7c659 -> 
2024-08-24T14:04:08.322Z|0x77c0|  custom:AudioImporter_EditorPlatform: d09bf68614088b80899f8185d706f6e7 -> 
2024-08-24T14:04:08.322Z|0x77c0|  custom:video-encoder-webm-vp8: eb34c28f22e8b96e1ab97ce403110664 -> 
2024-08-24T14:04:08.322Z|0x77c0|  custom:audio-decoder-ogg-vorbis: bf7c407c2cedff20999df2af8eb42d56 -> 
2024-08-24T14:04:08.322Z|0x77c0|  custom:audio-encoder-webm-vorbis: bf7c407c2cedff20999df2af8eb42d56 -> 
2024-08-24T14:04:08.322Z|0x77c0|========================================================================
Received Import Request.
  Time since last request: 17293.389652 seconds.
  path: Assets/_Assets/_Prefabs/Board Piece View.prefab
  artifactKey: Guid(042caf5efa6fdb14baa8ceb3131832cc) Importer(815301076,1909f56bfc062723c751e8b465ee728b)
2024-08-24T14:04:08.330Z|0x77c0|Start importing Assets/_Assets/_Prefabs/Board Piece View.prefab using Guid(042caf5efa6fdb14baa8ceb3131832cc) Importer(815301076,1909f56bfc062723c751e8b465ee728b) 2024-08-24T14:04:08.330Z|0x77c0|[PhysX] Initialized MultithreadedTaskDispatcher with 20 workers.
2024-08-24T14:04:08.394Z|0x77c0| -> (artifact id: '8f16f103dadb2ef1e04edacc31730303') in 0.065381 seconds
2024-08-24T14:04:08.395Z|0x77c0|Number of updated asset objects reloaded before import = 0
Number of asset objects unloaded after import = 42
2024-08-24T14:08:13.332Z|0x77c0|========================================================================
2024-08-24T14:08:13.332Z|0x77c0|Received Prepare
2024-08-24T14:08:13.530Z|0x77c0|Caller must complete domain reload
2024-08-24T14:08:13.582Z|0x77c0|Begin MonoManager ReloadAssembly
2024-08-24T14:08:14.518Z|0x77c0|- Loaded All Assemblies, in  0.938 seconds
2024-08-24T14:08:14.656Z|0x77c0|Native extension for WindowsStandalone target not found
2024-08-24T14:08:14.660Z|0x77c0|Native extension for iOS target not found
2024-08-24T14:08:14.669Z|0x77c0|Native extension for Android target not found
2024-08-24T14:08:14.961Z|0x77c0|[Package Manager] Server::EnsureServerProcessIsRunning -- launch failed, reason: Unity was launched with the -noUpm command-line argument
2024-08-24T14:08:14.961Z|0x77c0|[Package Manager] UpmClient::Send -- Unable to send message (not connected to UPM process).
2024-08-24T14:08:14.961Z|0x77c0|[Package Manager] Cannot connect to Unity Package Manager local server
2024-08-24T14:08:15.052Z|0x77c0|Mono: successfully reloaded assembly
2024-08-24T14:08:15.071Z|0x77c0|- Finished resetting the current domain, in  0.550 seconds
2024-08-24T14:08:15.072Z|0x77c0|Domain Reload Profiling: 1485ms
	BeginReloadAssembly (624ms)
		ExecutionOrderSort (0ms)
		DisableScriptedObjects (480ms)
		BackupInstance (0ms)
		ReleaseScriptingObjects (0ms)
		CreateAndSetChildDomain (37ms)
	RebuildCommonClasses (25ms)
	RebuildNativeTypeToScriptingClass (9ms)
	initialDomainReloadingComplete (27ms)
	LoadAllAssembliesAndSetupDomain (249ms)
		LoadAssemblies (288ms)
		RebuildTransferFunctionScriptingTraits (0ms)
		AnalyzeDomain (35ms)
			TypeCache.Refresh (8ms)
				TypeCache.ScanAssembly (0ms)
			ScanForSourceGeneratedMonoScriptInfo (17ms)
			ResolveRequiredComponents (8ms)
	FinalizeReload (551ms)
		ReleaseScriptCaches (0ms)
		RebuildScriptCaches (0ms)
		SetupLoadedEditorAssemblies (395ms)
			LogAssemblyErrors (0ms)
			InitializePlatformSupportModulesInManaged (31ms)
			SetLoadedEditorAssemblies (4ms)
			RefreshPlugins (0ms)
			BeforeProcessingInitializeOnLoad (73ms)
			ProcessInitializeOnLoadAttributes (220ms)
			ProcessInitializeOnLoadMethodAttributes (58ms)
			AfterProcessingInitializeOnLoad (8ms)
			EditorAssembliesLoaded (0ms)
		ExecutionOrderSort2 (0ms)
		AwakeInstancesAfterBackupRestoration (12ms)
2024-08-24T14:08:15.638Z|0x77c0|Refreshing native plugins compatible for Editor in 5.78 ms, found 4 plugins.
2024-08-24T14:08:15.638Z|0x77c0|Preloading 0 native plugins for Editor in 0.00 ms.
2024-08-24T14:08:15.665Z|0x5dcc|Unloading 5541 Unused Serialized files (Serialized files now loaded: 0)
2024-08-24T14:08:15.670Z|0x77c0|Unloading 35 unused Assets / (0.9 MB). Loaded Objects now: 6157.
Memory consumption went from 200.1 MB to 199.2 MB.
2024-08-24T14:08:15.670Z|0x77c0|Total: 4.506300 ms (FindLiveObjects: 0.343100 ms CreateObjectMapping: 0.285900 ms MarkObjects: 3.411100 ms  DeleteObjects: 0.464800 ms)

2024-08-24T14:08:15.670Z|0x77c0|Prepare: number of updated asset objects reloaded= 0
2024-08-24T14:08:15.672Z|0x77c0|AssetImportParameters requested are different than current active one (requested -> active):
2024-08-24T14:08:15.672Z|0x77c0|  custom:container-demuxer-ogg: 62fdf1f143b41e24485cea50d1cbac27 -> 
2024-08-24T14:08:15.672Z|0x77c0|  custom:video-codec-MediaFoundation-h265: 746d11721c4dcdbdad8f713fa42b33f4 -> 
2024-08-24T14:08:15.672Z|0x77c0|  custom:video-decoder-ogg-theora: a1e56fd34408186e4bbccfd4996cb3dc -> 
2024-08-24T14:08:15.672Z|0x77c0|  custom:framework-win-MediaFoundation: 216162199b28c13a410421893ffa2e32 -> 
2024-08-24T14:08:15.672Z|0x77c0|  custom:CustomObjectIndexerAttribute: 72b91833f83ae208fae7752999fa3104 -> 
2024-08-24T14:08:15.672Z|0x77c0|  custom:container-demuxer-webm: 4f35f7cbe854078d1ac9338744f61a02 -> 
2024-08-24T14:08:15.672Z|0x77c0|  custom:container-muxer-webm: aa71ff27fc2769a1b78a27578f13a17b -> 
2024-08-24T14:08:15.672Z|0x77c0|  custom:video-decoder-webm-vp8: 9c59270c3fd7afecdb556c50c9e8de78 -> 
2024-08-24T14:08:15.672Z|0x77c0|  custom:SearchIndexIgnoredProperties: e643bd26f0fe6173181afceb89e7c659 -> 
2024-08-24T14:08:15.672Z|0x77c0|  custom:AudioImporter_EditorPlatform: d09bf68614088b80899f8185d706f6e7 -> 
2024-08-24T14:08:15.672Z|0x77c0|  custom:video-encoder-webm-vp8: eb34c28f22e8b96e1ab97ce403110664 -> 
2024-08-24T14:08:15.672Z|0x77c0|  custom:audio-decoder-ogg-vorbis: bf7c407c2cedff20999df2af8eb42d56 -> 
2024-08-24T14:08:15.672Z|0x77c0|  custom:audio-encoder-webm-vorbis: bf7c407c2cedff20999df2af8eb42d56 -> 
2024-08-24T14:08:18.072Z|0x77c0|========================================================================
2024-08-24T14:08:18.072Z|0x77c0|Received Prepare
2024-08-24T14:08:18.283Z|0x77c0|Caller must complete domain reload
2024-08-24T14:08:18.333Z|0x77c0|Begin MonoManager ReloadAssembly
2024-08-24T14:08:18.740Z|0x77c0|- Loaded All Assemblies, in  0.408 seconds
2024-08-24T14:08:19.372Z|0x77c0|Native extension for WindowsStandalone target not found
2024-08-24T14:08:19.375Z|0x77c0|Native extension for iOS target not found
2024-08-24T14:08:19.384Z|0x77c0|Native extension for Android target not found
2024-08-24T14:08:19.702Z|0x77c0|[Package Manager] Server::EnsureServerProcessIsRunning -- launch failed, reason: Unity was launched with the -noUpm command-line argument
2024-08-24T14:08:19.702Z|0x77c0|[Package Manager] UpmClient::Send -- Unable to send message (not connected to UPM process).
2024-08-24T14:08:19.702Z|0x77c0|[Package Manager] Cannot connect to Unity Package Manager local server
2024-08-24T14:08:19.797Z|0x77c0|Mono: successfully reloaded assembly
2024-08-24T14:08:19.816Z|0x77c0|- Finished resetting the current domain, in  1.075 seconds
2024-08-24T14:08:19.817Z|0x77c0|Domain Reload Profiling: 1478ms
	BeginReloadAssembly (132ms)
		ExecutionOrderSort (0ms)
		DisableScriptedObjects (8ms)
		BackupInstance (0ms)
		ReleaseScriptingObjects (0ms)
		CreateAndSetChildDomain (26ms)
	RebuildCommonClasses (23ms)
	RebuildNativeTypeToScriptingClass (8ms)
	initialDomainReloadingComplete (26ms)
	LoadAllAssembliesAndSetupDomain (213ms)
		LoadAssemblies (267ms)
		RebuildTransferFunctionScriptingTraits (0ms)
		AnalyzeDomain (16ms)
			TypeCache.Refresh (6ms)
				TypeCache.ScanAssembly (0ms)
			ScanForSourceGeneratedMonoScriptInfo (0ms)
			ResolveRequiredComponents (9ms)
	FinalizeReload (1075ms)
		ReleaseScriptCaches (0ms)
		RebuildScriptCaches (0ms)
		SetupLoadedEditorAssemblies (424ms)
			LogAssemblyErrors (0ms)
			InitializePlatformSupportModulesInManaged (33ms)
			SetLoadedEditorAssemblies (4ms)
			RefreshPlugins (0ms)
			BeforeProcessingInitializeOnLoad (80ms)
			ProcessInitializeOnLoadAttributes (236ms)
			ProcessInitializeOnLoadMethodAttributes (62ms)
			AfterProcessingInitializeOnLoad (7ms)
			EditorAssembliesLoaded (0ms)
		ExecutionOrderSort2 (0ms)
		AwakeInstancesAfterBackupRestoration (12ms)
2024-08-24T14:08:20.447Z|0x77c0|Refreshing native plugins compatible for Editor in 4.47 ms, found 4 plugins.
2024-08-24T14:08:20.447Z|0x77c0|Preloading 0 native plugins for Editor in 0.00 ms.
2024-08-24T14:08:20.473Z|0x651c|Unloading 5541 Unused Serialized files (Serialized files now loaded: 0)
2024-08-24T14:08:20.476Z|0x77c0|Unloading 35 unused Assets / (0.9 MB). Loaded Objects now: 6162.
Memory consumption went from 200.1 MB to 199.2 MB.
2024-08-24T14:08:20.476Z|0x77c0|Total: 3.760000 ms (FindLiveObjects: 0.382200 ms CreateObjectMapping: 0.315900 ms MarkObjects: 2.758300 ms  DeleteObjects: 0.302800 ms)

2024-08-24T14:08:20.476Z|0x77c0|Prepare: number of updated asset objects reloaded= 0
2024-08-24T14:08:20.479Z|0x77c0|AssetImportParameters requested are different than current active one (requested -> active):
2024-08-24T14:08:20.479Z|0x77c0|  custom:container-demuxer-ogg: 62fdf1f143b41e24485cea50d1cbac27 -> 
2024-08-24T14:08:20.479Z|0x77c0|  custom:video-codec-MediaFoundation-h265: 746d11721c4dcdbdad8f713fa42b33f4 -> 
2024-08-24T14:08:20.479Z|0x77c0|  custom:video-decoder-ogg-theora: a1e56fd34408186e4bbccfd4996cb3dc -> 
2024-08-24T14:08:20.479Z|0x77c0|  custom:framework-win-MediaFoundation: 216162199b28c13a410421893ffa2e32 -> 
2024-08-24T14:08:20.479Z|0x77c0|  custom:CustomObjectIndexerAttribute: 72b91833f83ae208fae7752999fa3104 -> 
2024-08-24T14:08:20.479Z|0x77c0|  custom:container-demuxer-webm: 4f35f7cbe854078d1ac9338744f61a02 -> 
2024-08-24T14:08:20.479Z|0x77c0|  custom:container-muxer-webm: aa71ff27fc2769a1b78a27578f13a17b -> 
2024-08-24T14:08:20.479Z|0x77c0|  custom:video-decoder-webm-vp8: 9c59270c3fd7afecdb556c50c9e8de78 -> 
2024-08-24T14:08:20.479Z|0x77c0|  custom:SearchIndexIgnoredProperties: e643bd26f0fe6173181afceb89e7c659 -> 
2024-08-24T14:08:20.479Z|0x77c0|  custom:AudioImporter_EditorPlatform: d09bf68614088b80899f8185d706f6e7 -> 
2024-08-24T14:08:20.479Z|0x77c0|  custom:video-encoder-webm-vp8: eb34c28f22e8b96e1ab97ce403110664 -> 
2024-08-24T14:08:20.479Z|0x77c0|  custom:audio-decoder-ogg-vorbis: bf7c407c2cedff20999df2af8eb42d56 -> 
2024-08-24T14:08:20.479Z|0x77c0|  custom:audio-encoder-webm-vorbis: bf7c407c2cedff20999df2af8eb42d56 -> 
2024-08-24T14:08:46.596Z|0x77c0|========================================================================
2024-08-24T14:08:46.596Z|0x77c0|Received Prepare
2024-08-24T14:08:47.229Z|0x77c0|Caller must complete domain reload
2024-08-24T14:08:47.376Z|0x77c0|Begin MonoManager ReloadAssembly
2024-08-24T14:08:48.051Z|0x77c0|- Loaded All Assemblies, in  0.675 seconds
2024-08-24T14:08:48.631Z|0x77c0|Native extension for WindowsStandalone target not found
2024-08-24T14:08:48.636Z|0x77c0|Native extension for iOS target not found
2024-08-24T14:08:48.644Z|0x77c0|Native extension for Android target not found
2024-08-24T14:08:48.939Z|0x77c0|[Package Manager] Server::EnsureServerProcessIsRunning -- launch failed, reason: Unity was launched with the -noUpm command-line argument
2024-08-24T14:08:48.939Z|0x77c0|[Package Manager] UpmClient::Send -- Unable to send message (not connected to UPM process).
2024-08-24T14:08:48.939Z|0x77c0|[Package Manager] Cannot connect to Unity Package Manager local server
2024-08-24T14:08:49.026Z|0x77c0|Mono: successfully reloaded assembly
2024-08-24T14:08:49.046Z|0x77c0|- Finished resetting the current domain, in  0.994 seconds
2024-08-24T14:08:49.046Z|0x77c0|Domain Reload Profiling: 1663ms
	BeginReloadAssembly (354ms)
		ExecutionOrderSort (0ms)
		DisableScriptedObjects (28ms)
		BackupInstance (0ms)
		ReleaseScriptingObjects (0ms)
		CreateAndSetChildDomain (66ms)
	RebuildCommonClasses (33ms)
	RebuildNativeTypeToScriptingClass (10ms)
	initialDomainReloadingComplete (35ms)
	LoadAllAssembliesAndSetupDomain (237ms)
		LoadAssemblies (400ms)
		RebuildTransferFunctionScriptingTraits (0ms)
		AnalyzeDomain (35ms)
			TypeCache.Refresh (9ms)
				TypeCache.ScanAssembly (0ms)
			ScanForSourceGeneratedMonoScriptInfo (17ms)
			ResolveRequiredComponents (8ms)
	FinalizeReload (995ms)
		ReleaseScriptCaches (0ms)
		RebuildScriptCaches (0ms)
		SetupLoadedEditorAssemblies (395ms)
			LogAssemblyErrors (0ms)
			InitializePlatformSupportModulesInManaged (32ms)
			SetLoadedEditorAssemblies (4ms)
			RefreshPlugins (0ms)
			BeforeProcessingInitializeOnLoad (74ms)
			ProcessInitializeOnLoadAttributes (220ms)
			ProcessInitializeOnLoadMethodAttributes (57ms)
			AfterProcessingInitializeOnLoad (7ms)
			EditorAssembliesLoaded (0ms)
		ExecutionOrderSort2 (0ms)
		AwakeInstancesAfterBackupRestoration (11ms)
2024-08-24T14:08:49.597Z|0x77c0|Refreshing native plugins compatible for Editor in 4.41 ms, found 4 plugins.
2024-08-24T14:08:49.597Z|0x77c0|Preloading 0 native plugins for Editor in 0.00 ms.
2024-08-24T14:08:49.623Z|0x42f8|Unloading 5541 Unused Serialized files (Serialized files now loaded: 0)
2024-08-24T14:08:49.627Z|0x77c0|Unloading 35 unused Assets / (0.9 MB). Loaded Objects now: 6167.
Memory consumption went from 200.1 MB to 199.2 MB.
2024-08-24T14:08:49.627Z|0x77c0|Total: 4.127500 ms (FindLiveObjects: 0.324600 ms CreateObjectMapping: 0.199600 ms MarkObjects: 3.256100 ms  DeleteObjects: 0.346100 ms)

2024-08-24T14:08:49.627Z|0x77c0|Prepare: number of updated asset objects reloaded= 0
2024-08-24T14:08:49.629Z|0x77c0|AssetImportParameters requested are different than current active one (requested -> active):
2024-08-24T14:08:49.629Z|0x77c0|  custom:container-demuxer-ogg: 62fdf1f143b41e24485cea50d1cbac27 -> 
2024-08-24T14:08:49.629Z|0x77c0|  custom:video-codec-MediaFoundation-h265: 746d11721c4dcdbdad8f713fa42b33f4 -> 
2024-08-24T14:08:49.629Z|0x77c0|  custom:video-decoder-ogg-theora: a1e56fd34408186e4bbccfd4996cb3dc -> 
2024-08-24T14:08:49.629Z|0x77c0|  custom:framework-win-MediaFoundation: 216162199b28c13a410421893ffa2e32 -> 
2024-08-24T14:08:49.629Z|0x77c0|  custom:CustomObjectIndexerAttribute: 72b91833f83ae208fae7752999fa3104 -> 
2024-08-24T14:08:49.629Z|0x77c0|  custom:container-demuxer-webm: 4f35f7cbe854078d1ac9338744f61a02 -> 
2024-08-24T14:08:49.629Z|0x77c0|  custom:container-muxer-webm: aa71ff27fc2769a1b78a27578f13a17b -> 
2024-08-24T14:08:49.629Z|0x77c0|  custom:video-decoder-webm-vp8: 9c59270c3fd7afecdb556c50c9e8de78 -> 
2024-08-24T14:08:49.629Z|0x77c0|  custom:SearchIndexIgnoredProperties: e643bd26f0fe6173181afceb89e7c659 -> 
2024-08-24T14:08:49.629Z|0x77c0|  custom:AudioImporter_EditorPlatform: d09bf68614088b80899f8185d706f6e7 -> 
2024-08-24T14:08:49.629Z|0x77c0|  custom:video-encoder-webm-vp8: eb34c28f22e8b96e1ab97ce403110664 -> 
2024-08-24T14:08:49.629Z|0x77c0|  custom:audio-decoder-ogg-vorbis: bf7c407c2cedff20999df2af8eb42d56 -> 
2024-08-24T14:08:49.629Z|0x77c0|  custom:audio-encoder-webm-vorbis: bf7c407c2cedff20999df2af8eb42d56 -> 
2024-08-24T14:08:52.251Z|0x77c0|========================================================================
2024-08-24T14:08:52.251Z|0x77c0|Received Prepare
2024-08-24T14:08:52.454Z|0x77c0|Caller must complete domain reload
2024-08-24T14:08:52.503Z|0x77c0|Begin MonoManager ReloadAssembly
2024-08-24T14:08:52.917Z|0x77c0|- Loaded All Assemblies, in  0.413 seconds
2024-08-24T14:08:53.555Z|0x77c0|Native extension for WindowsStandalone target not found
2024-08-24T14:08:53.558Z|0x77c0|Native extension for iOS target not found
2024-08-24T14:08:53.568Z|0x77c0|Native extension for Android target not found
2024-08-24T14:08:53.914Z|0x77c0|[Package Manager] Server::EnsureServerProcessIsRunning -- launch failed, reason: Unity was launched with the -noUpm command-line argument
2024-08-24T14:08:53.914Z|0x77c0|[Package Manager] UpmClient::Send -- Unable to send message (not connected to UPM process).
2024-08-24T14:08:53.914Z|0x77c0|[Package Manager] Cannot connect to Unity Package Manager local server
2024-08-24T14:08:54.023Z|0x77c0|Mono: successfully reloaded assembly
2024-08-24T14:08:54.042Z|0x77c0|- Finished resetting the current domain, in  1.126 seconds
2024-08-24T14:08:54.043Z|0x77c0|Domain Reload Profiling: 1534ms
	BeginReloadAssembly (133ms)
		ExecutionOrderSort (0ms)
		DisableScriptedObjects (8ms)
		BackupInstance (0ms)
		ReleaseScriptingObjects (0ms)
		CreateAndSetChildDomain (29ms)
	RebuildCommonClasses (24ms)
	RebuildNativeTypeToScriptingClass (8ms)
	initialDomainReloadingComplete (27ms)
	LoadAllAssembliesAndSetupDomain (216ms)
		LoadAssemblies (268ms)
		RebuildTransferFunctionScriptingTraits (0ms)
		AnalyzeDomain (16ms)
			TypeCache.Refresh (6ms)
				TypeCache.ScanAssembly (0ms)
			ScanForSourceGeneratedMonoScriptInfo (0ms)
			ResolveRequiredComponents (9ms)
	FinalizeReload (1126ms)
		ReleaseScriptCaches (0ms)
		RebuildScriptCaches (0ms)
		SetupLoadedEditorAssemblies (465ms)
			LogAssemblyErrors (0ms)
			InitializePlatformSupportModulesInManaged (34ms)
			SetLoadedEditorAssemblies (4ms)
			RefreshPlugins (0ms)
			BeforeProcessingInitializeOnLoad (81ms)
			ProcessInitializeOnLoadAttributes (265ms)
			ProcessInitializeOnLoadMethodAttributes (69ms)
			AfterProcessingInitializeOnLoad (10ms)
			EditorAssembliesLoaded (0ms)
		ExecutionOrderSort2 (0ms)
		AwakeInstancesAfterBackupRestoration (15ms)
2024-08-24T14:08:54.851Z|0x77c0|Refreshing native plugins compatible for Editor in 7.47 ms, found 4 plugins.
2024-08-24T14:08:54.851Z|0x77c0|Preloading 0 native plugins for Editor in 0.00 ms.
2024-08-24T14:08:54.887Z|0x1b0c|Unloading 5541 Unused Serialized files (Serialized files now loaded: 0)
2024-08-24T14:08:54.892Z|0x77c0|Unloading 35 unused Assets / (0.9 MB). Loaded Objects now: 6172.
Memory consumption went from 200.1 MB to 199.2 MB.
2024-08-24T14:08:54.892Z|0x77c0|Total: 5.071900 ms (FindLiveObjects: 0.423800 ms CreateObjectMapping: 0.251000 ms MarkObjects: 3.956800 ms  DeleteObjects: 0.438600 ms)

2024-08-24T14:08:54.892Z|0x77c0|Prepare: number of updated asset objects reloaded= 0
2024-08-24T14:08:54.896Z|0x77c0|AssetImportParameters requested are different than current active one (requested -> active):
2024-08-24T14:08:54.896Z|0x77c0|  custom:container-demuxer-ogg: 62fdf1f143b41e24485cea50d1cbac27 -> 
2024-08-24T14:08:54.896Z|0x77c0|  custom:video-codec-MediaFoundation-h265: 746d11721c4dcdbdad8f713fa42b33f4 -> 
2024-08-24T14:08:54.896Z|0x77c0|  custom:video-decoder-ogg-theora: a1e56fd34408186e4bbccfd4996cb3dc -> 
2024-08-24T14:08:54.896Z|0x77c0|  custom:framework-win-MediaFoundation: 216162199b28c13a410421893ffa2e32 -> 
2024-08-24T14:08:54.896Z|0x77c0|  custom:CustomObjectIndexerAttribute: 72b91833f83ae208fae7752999fa3104 -> 
2024-08-24T14:08:54.896Z|0x77c0|  custom:container-demuxer-webm: 4f35f7cbe854078d1ac9338744f61a02 -> 
2024-08-24T14:08:54.896Z|0x77c0|  custom:container-muxer-webm: aa71ff27fc2769a1b78a27578f13a17b -> 
2024-08-24T14:08:54.896Z|0x77c0|  custom:video-decoder-webm-vp8: 9c59270c3fd7afecdb556c50c9e8de78 -> 
2024-08-24T14:08:54.896Z|0x77c0|  custom:SearchIndexIgnoredProperties: e643bd26f0fe6173181afceb89e7c659 -> 
2024-08-24T14:08:54.896Z|0x77c0|  custom:AudioImporter_EditorPlatform: d09bf68614088b80899f8185d706f6e7 -> 
2024-08-24T14:08:54.896Z|0x77c0|  custom:video-encoder-webm-vp8: eb34c28f22e8b96e1ab97ce403110664 -> 
2024-08-24T14:08:54.896Z|0x77c0|  custom:audio-decoder-ogg-vorbis: bf7c407c2cedff20999df2af8eb42d56 -> 
2024-08-24T14:08:54.896Z|0x77c0|  custom:audio-encoder-webm-vorbis: bf7c407c2cedff20999df2af8eb42d56 -> 
2024-08-24T14:10:17.842Z|0x77c0|========================================================================
2024-08-24T14:10:17.842Z|0x77c0|Received Prepare
2024-08-24T14:10:18.053Z|0x77c0|Caller must complete domain reload
2024-08-24T14:10:18.103Z|0x77c0|Begin MonoManager ReloadAssembly
2024-08-24T14:10:18.566Z|0x77c0|- Loaded All Assemblies, in  0.463 seconds
2024-08-24T14:10:19.155Z|0x77c0|Native extension for WindowsStandalone target not found
2024-08-24T14:10:19.158Z|0x77c0|Native extension for iOS target not found
2024-08-24T14:10:19.166Z|0x77c0|Native extension for Android target not found
2024-08-24T14:10:19.456Z|0x77c0|[Package Manager] Server::EnsureServerProcessIsRunning -- launch failed, reason: Unity was launched with the -noUpm command-line argument
2024-08-24T14:10:19.456Z|0x77c0|[Package Manager] UpmClient::Send -- Unable to send message (not connected to UPM process).
2024-08-24T14:10:19.456Z|0x77c0|[Package Manager] Cannot connect to Unity Package Manager local server
2024-08-24T14:10:19.544Z|0x77c0|Mono: successfully reloaded assembly
2024-08-24T14:10:19.563Z|0x77c0|- Finished resetting the current domain, in  0.997 seconds
2024-08-24T14:10:19.564Z|0x77c0|Domain Reload Profiling: 1455ms
	BeginReloadAssembly (144ms)
		ExecutionOrderSort (0ms)
		DisableScriptedObjects (9ms)
		BackupInstance (0ms)
		ReleaseScriptingObjects (0ms)
		CreateAndSetChildDomain (32ms)
	RebuildCommonClasses (24ms)
	RebuildNativeTypeToScriptingClass (8ms)
	initialDomainReloadingComplete (25ms)
	LoadAllAssembliesAndSetupDomain (256ms)
		LoadAssemblies (289ms)
		RebuildTransferFunctionScriptingTraits (0ms)
		AnalyzeDomain (39ms)
			TypeCache.Refresh (10ms)
				TypeCache.ScanAssembly (0ms)
			ScanForSourceGeneratedMonoScriptInfo (20ms)
			ResolveRequiredComponents (8ms)
	FinalizeReload (997ms)
		ReleaseScriptCaches (0ms)
		RebuildScriptCaches (0ms)
		SetupLoadedEditorAssemblies (388ms)
			LogAssemblyErrors (0ms)
			InitializePlatformSupportModulesInManaged (31ms)
			SetLoadedEditorAssemblies (4ms)
			RefreshPlugins (0ms)
			BeforeProcessingInitializeOnLoad (73ms)
			ProcessInitializeOnLoadAttributes (217ms)
			ProcessInitializeOnLoadMethodAttributes (57ms)
			AfterProcessingInitializeOnLoad (7ms)
			EditorAssembliesLoaded (0ms)
		ExecutionOrderSort2 (0ms)
		AwakeInstancesAfterBackupRestoration (11ms)
2024-08-24T14:10:20.162Z|0x77c0|Refreshing native plugins compatible for Editor in 5.13 ms, found 4 plugins.
2024-08-24T14:10:20.162Z|0x77c0|Preloading 0 native plugins for Editor in 0.00 ms.
2024-08-24T14:10:20.186Z|0x6b8c|Unloading 5541 Unused Serialized files (Serialized files now loaded: 0)
2024-08-24T14:10:20.190Z|0x77c0|Unloading 35 unused Assets / (0.9 MB). Loaded Objects now: 6177.
Memory consumption went from 200.2 MB to 199.3 MB.
2024-08-24T14:10:20.190Z|0x77c0|Total: 3.384400 ms (FindLiveObjects: 0.324400 ms CreateObjectMapping: 0.182900 ms MarkObjects: 2.572500 ms  DeleteObjects: 0.303300 ms)

2024-08-24T14:10:20.190Z|0x77c0|Prepare: number of updated asset objects reloaded= 0
2024-08-24T14:10:20.192Z|0x77c0|AssetImportParameters requested are different than current active one (requested -> active):
2024-08-24T14:10:20.192Z|0x77c0|  custom:container-demuxer-ogg: 62fdf1f143b41e24485cea50d1cbac27 -> 
2024-08-24T14:10:20.192Z|0x77c0|  custom:video-codec-MediaFoundation-h265: 746d11721c4dcdbdad8f713fa42b33f4 -> 
2024-08-24T14:10:20.192Z|0x77c0|  custom:video-decoder-ogg-theora: a1e56fd34408186e4bbccfd4996cb3dc -> 
2024-08-24T14:10:20.192Z|0x77c0|  custom:framework-win-MediaFoundation: 216162199b28c13a410421893ffa2e32 -> 
2024-08-24T14:10:20.192Z|0x77c0|  custom:CustomObjectIndexerAttribute: 72b91833f83ae208fae7752999fa3104 -> 
2024-08-24T14:10:20.192Z|0x77c0|  custom:container-demuxer-webm: 4f35f7cbe854078d1ac9338744f61a02 -> 
2024-08-24T14:10:20.192Z|0x77c0|  custom:container-muxer-webm: aa71ff27fc2769a1b78a27578f13a17b -> 
2024-08-24T14:10:20.192Z|0x77c0|  custom:video-decoder-webm-vp8: 9c59270c3fd7afecdb556c50c9e8de78 -> 
2024-08-24T14:10:20.192Z|0x77c0|  custom:SearchIndexIgnoredProperties: e643bd26f0fe6173181afceb89e7c659 -> 
2024-08-24T14:10:20.192Z|0x77c0|  custom:AudioImporter_EditorPlatform: d09bf68614088b80899f8185d706f6e7 -> 
2024-08-24T14:10:20.192Z|0x77c0|  custom:video-encoder-webm-vp8: eb34c28f22e8b96e1ab97ce403110664 -> 
2024-08-24T14:10:20.192Z|0x77c0|  custom:audio-decoder-ogg-vorbis: bf7c407c2cedff20999df2af8eb42d56 -> 
2024-08-24T14:10:20.192Z|0x77c0|  custom:audio-encoder-webm-vorbis: bf7c407c2cedff20999df2af8eb42d56 -> 
